<?xml version="1.0" encoding="UTF-8"?>
<coverage generated="1697229544209" clover="3.2.0">
  <project timestamp="1697229544209" name="All files">
    <metrics statements="307" coveredstatements="286" conditionals="87" coveredconditionals="74" methods="100" coveredmethods="92" elements="494" coveredelements="452" complexity="0" loc="307" ncloc="307" packages="1" files="3" classes="3"/>
    <file name="cardboard.ts" path="/Users/keff_work/Documents/dev/self/libs/npm/cardboard-js/src/cardboard.ts">
      <metrics statements="6" coveredstatements="6" conditionals="0" coveredconditionals="0" methods="0" coveredmethods="0"/>
      <line num="1" count="2" type="stmt"/>
      <line num="2" count="2" type="stmt"/>
      <line num="3" count="2" type="stmt"/>
      <line num="4" count="2" type="stmt"/>
      <line num="5" count="2" type="stmt"/>
      <line num="6" count="2" type="stmt"/>
    </file>
    <file name="state.ts" path="/Users/keff_work/Documents/dev/self/libs/npm/cardboard-js/src/state.ts">
      <metrics statements="42" coveredstatements="34" conditionals="11" coveredconditionals="7" methods="12" coveredmethods="7"/>
      <line num="1" count="3" type="stmt"/>
      <line num="11" count="3" type="stmt"/>
      <line num="12" count="10" type="stmt"/>
      <line num="13" count="10" type="stmt"/>
      <line num="15" count="10" type="cond" truecount="0" falsecount="1"/>
      <line num="17" count="10" type="stmt"/>
      <line num="18" count="17" type="cond" truecount="1" falsecount="0"/>
      <line num="19" count="17" type="cond" truecount="1" falsecount="0"/>
      <line num="20" count="17" type="stmt"/>
      <line num="24" count="10" type="stmt"/>
      <line num="25" count="85" type="cond" truecount="1" falsecount="0"/>
      <line num="26" count="85" type="stmt"/>
      <line num="27" count="85" type="stmt"/>
      <line num="31" count="85" type="stmt"/>
      <line num="32" count="0" type="stmt"/>
      <line num="36" count="10" type="stmt"/>
      <line num="37" count="434" type="stmt"/>
      <line num="39" count="434" type="stmt"/>
      <line num="40" count="434" type="cond" truecount="1" falsecount="1"/>
      <line num="41" count="0" type="stmt"/>
      <line num="42" count="434" type="cond" truecount="1" falsecount="0"/>
      <line num="43" count="434" type="stmt"/>
      <line num="47" count="434" type="stmt"/>
      <line num="50" count="10" type="stmt"/>
      <line num="51" count="18" type="cond" truecount="1" falsecount="1"/>
      <line num="52" count="0" type="stmt"/>
      <line num="54" count="18" type="cond" truecount="0" falsecount="1"/>
      <line num="55" count="0" type="stmt"/>
      <line num="59" count="10" type="stmt"/>
      <line num="61" count="0" type="stmt"/>
      <line num="62" count="0" type="stmt"/>
      <line num="63" count="0" type="stmt"/>
      <line num="66" count="434" type="stmt"/>
      <line num="69" count="95" type="cond" truecount="1" falsecount="0"/>
      <line num="70" count="10" type="stmt"/>
      <line num="71" count="10" type="stmt"/>
      <line num="74" count="85" type="stmt"/>
      <line num="75" count="85" type="stmt"/>
      <line num="76" count="85" type="stmt"/>
      <line num="81" count="10" type="stmt"/>
      <line num="82" count="0" type="stmt"/>
      <line num="87" count="10" type="stmt"/>
    </file>
    <file name="tag.ts" path="/Users/keff_work/Documents/dev/self/libs/npm/cardboard-js/src/tag.ts">
      <metrics statements="259" coveredstatements="246" conditionals="76" coveredconditionals="67" methods="88" coveredmethods="85"/>
      <line num="1" count="5" type="stmt"/>
      <line num="9" count="5" type="stmt"/>
      <line num="20" count="5" type="stmt"/>
      <line num="21" count="11" type="stmt"/>
      <line num="29" count="5" type="stmt"/>
      <line num="34" count="303" type="stmt"/>
      <line num="37" count="303" type="stmt"/>
      <line num="40" count="303" type="stmt"/>
      <line num="41" count="303" type="stmt"/>
      <line num="47" count="87" type="stmt"/>
      <line num="51" count="3" type="stmt"/>
      <line num="55" count="4" type="stmt"/>
      <line num="59" count="4" type="stmt"/>
      <line num="60" count="4" type="stmt"/>
      <line num="64" count="2" type="stmt"/>
      <line num="65" count="2" type="stmt"/>
      <line num="69" count="303" type="stmt"/>
      <line num="71" count="303" type="cond" truecount="4" falsecount="0"/>
      <line num="72" count="12" type="stmt"/>
      <line num="73" count="12" type="stmt"/>
      <line num="74" count="291" type="cond" truecount="2" falsecount="0"/>
      <line num="75" count="287" type="stmt"/>
      <line num="76" count="4" type="cond" truecount="1" falsecount="1"/>
      <line num="77" count="4" type="stmt"/>
      <line num="78" count="4" type="stmt"/>
      <line num="80" count="0" type="stmt"/>
      <line num="83" count="303" type="cond" truecount="3" falsecount="0"/>
      <line num="84" count="114" type="stmt"/>
      <line num="87" count="303" type="cond" truecount="1" falsecount="0"/>
      <line num="92" count="23" type="stmt"/>
      <line num="95" count="23" type="stmt"/>
      <line num="99" count="132" type="stmt"/>
      <line num="102" count="132" type="stmt"/>
      <line num="103" count="132" type="stmt"/>
      <line num="107" count="0" type="stmt"/>
      <line num="110" count="0" type="stmt"/>
      <line num="111" count="0" type="stmt"/>
      <line num="116" count="1" type="stmt"/>
      <line num="117" count="1" type="stmt"/>
      <line num="118" count="1" type="stmt"/>
      <line num="125" count="4" type="stmt"/>
      <line num="126" count="8" type="cond" truecount="2" falsecount="0"/>
      <line num="127" count="4" type="stmt"/>
      <line num="129" count="4" type="stmt"/>
      <line num="130" count="4" type="stmt"/>
      <line num="131" count="4" type="stmt"/>
      <line num="139" count="2" type="stmt"/>
      <line num="146" count="39" type="cond" truecount="1" falsecount="0"/>
      <line num="148" count="39" type="stmt"/>
      <line num="151" count="39" type="cond" truecount="2" falsecount="0"/>
      <line num="152" count="8" type="stmt"/>
      <line num="155" count="31" type="cond" truecount="2" falsecount="0"/>
      <line num="156" count="8" type="stmt"/>
      <line num="161" count="23" type="stmt"/>
      <line num="162" count="23" type="stmt"/>
      <line num="163" count="56" type="stmt"/>
      <line num="164" count="56" type="cond" truecount="1" falsecount="0"/>
      <line num="165" count="56" type="cond" truecount="1" falsecount="0"/>
      <line num="166" count="28" type="stmt"/>
      <line num="173" count="23" type="stmt"/>
      <line num="175" count="23" type="stmt"/>
      <line num="178" count="39" type="stmt"/>
      <line num="179" count="39" type="stmt"/>
      <line num="184" count="43" type="cond" truecount="1" falsecount="0"/>
      <line num="185" count="43" type="stmt"/>
      <line num="186" count="43" type="stmt"/>
      <line num="192" count="10" type="stmt"/>
      <line num="193" count="77" type="stmt"/>
      <line num="194" count="77" type="cond" truecount="0" falsecount="1"/>
      <line num="195" count="77" type="cond" truecount="2" falsecount="0"/>
      <line num="196" count="40" type="stmt"/>
      <line num="199" count="10" type="stmt"/>
      <line num="200" count="10" type="stmt"/>
      <line num="201" count="10" type="stmt"/>
      <line num="206" count="2" type="stmt"/>
      <line num="207" count="3" type="stmt"/>
      <line num="208" count="3" type="cond" truecount="0" falsecount="1"/>
      <line num="209" count="3" type="cond" truecount="2" falsecount="0"/>
      <line num="210" count="2" type="stmt"/>
      <line num="213" count="2" type="stmt"/>
      <line num="214" count="2" type="stmt"/>
      <line num="215" count="2" type="stmt"/>
      <line num="220" count="1" type="stmt"/>
      <line num="222" count="1" type="stmt"/>
      <line num="223" count="1" type="stmt"/>
      <line num="229" count="1" type="stmt"/>
      <line num="231" count="1" type="stmt"/>
      <line num="232" count="1" type="stmt"/>
      <line num="238" count="1" type="stmt"/>
      <line num="240" count="1" type="stmt"/>
      <line num="241" count="1" type="stmt"/>
      <line num="247" count="1" type="stmt"/>
      <line num="249" count="1" type="stmt"/>
      <line num="250" count="1" type="stmt"/>
      <line num="256" count="1" type="stmt"/>
      <line num="261" count="1" type="stmt"/>
      <line num="269" count="1" type="stmt"/>
      <line num="270" count="1" type="stmt"/>
      <line num="275" count="2" type="stmt"/>
      <line num="276" count="2" type="stmt"/>
      <line num="284" count="7" type="cond" truecount="1" falsecount="0"/>
      <line num="285" count="1" type="stmt"/>
      <line num="287" count="7" type="cond" truecount="1" falsecount="0"/>
      <line num="288" count="1" type="stmt"/>
      <line num="290" count="7" type="cond" truecount="1" falsecount="0"/>
      <line num="291" count="3" type="stmt"/>
      <line num="293" count="7" type="cond" truecount="1" falsecount="0"/>
      <line num="294" count="1" type="stmt"/>
      <line num="296" count="7" type="cond" truecount="1" falsecount="0"/>
      <line num="297" count="1" type="stmt"/>
      <line num="299" count="7" type="cond" truecount="1" falsecount="0"/>
      <line num="300" count="1" type="stmt"/>
      <line num="302" count="7" type="cond" truecount="1" falsecount="0"/>
      <line num="303" count="1" type="stmt"/>
      <line num="305" count="7" type="cond" truecount="1" falsecount="0"/>
      <line num="306" count="1" type="stmt"/>
      <line num="307" count="1" type="stmt"/>
      <line num="311" count="7" type="stmt"/>
      <line num="316" count="3" type="stmt"/>
      <line num="317" count="3" type="stmt"/>
      <line num="322" count="4" type="stmt"/>
      <line num="323" count="4" type="stmt"/>
      <line num="328" count="3" type="stmt"/>
      <line num="329" count="3" type="stmt"/>
      <line num="331" count="3" type="stmt"/>
      <line num="336" count="9" type="stmt"/>
      <line num="337" count="9" type="cond" truecount="1" falsecount="0"/>
      <line num="338" count="4" type="stmt"/>
      <line num="341" count="5" type="stmt"/>
      <line num="346" count="1" type="stmt"/>
      <line num="347" count="1" type="stmt"/>
      <line num="352" count="0" type="cond" truecount="0" falsecount="2"/>
      <line num="353" count="0" type="stmt"/>
      <line num="355" count="0" type="stmt"/>
      <line num="357" count="0" type="stmt"/>
      <line num="362" count="3" type="stmt"/>
      <line num="363" count="3" type="stmt"/>
      <line num="368" count="1" type="stmt"/>
      <line num="369" count="1" type="stmt"/>
      <line num="371" count="1" type="stmt"/>
      <line num="376" count="1" type="stmt"/>
      <line num="377" count="1" type="stmt"/>
      <line num="379" count="1" type="stmt"/>
      <line num="384" count="4" type="stmt"/>
      <line num="385" count="4" type="cond" truecount="1" falsecount="0"/>
      <line num="386" count="2" type="stmt"/>
      <line num="389" count="2" type="stmt"/>
      <line num="393" count="1" type="stmt"/>
      <line num="394" count="1" type="stmt"/>
      <line num="396" count="1" type="stmt"/>
      <line num="400" count="7" type="stmt"/>
      <line num="401" count="7" type="stmt"/>
      <line num="402" count="7" type="stmt"/>
      <line num="406" count="4" type="stmt"/>
      <line num="407" count="4" type="stmt"/>
      <line num="408" count="4" type="stmt"/>
      <line num="410" count="4" type="stmt"/>
      <line num="414" count="10" type="stmt"/>
      <line num="415" count="10" type="cond" truecount="1" falsecount="0"/>
      <line num="416" count="5" type="stmt"/>
      <line num="419" count="5" type="stmt"/>
      <line num="423" count="1" type="stmt"/>
      <line num="428" count="8" type="cond" truecount="1" falsecount="0"/>
      <line num="429" count="8" type="stmt"/>
      <line num="430" count="8" type="stmt"/>
      <line num="433" count="8" type="stmt"/>
      <line num="438" count="1" type="cond" truecount="1" falsecount="0"/>
      <line num="439" count="1" type="stmt"/>
      <line num="440" count="1" type="stmt"/>
      <line num="441" count="1" type="stmt"/>
      <line num="444" count="1" type="stmt"/>
      <line num="446" count="1" type="stmt"/>
      <line num="451" count="1" type="stmt"/>
      <line num="456" count="3" type="cond" truecount="1" falsecount="0"/>
      <line num="457" count="2" type="stmt"/>
      <line num="458" count="2" type="cond" truecount="3" falsecount="0"/>
      <line num="459" count="1" type="stmt"/>
      <line num="464" count="1" type="stmt"/>
      <line num="469" count="1" type="stmt"/>
      <line num="474" count="1" type="stmt"/>
      <line num="479" count="44" type="stmt"/>
      <line num="480" count="44" type="stmt"/>
      <line num="485" count="1" type="stmt"/>
      <line num="487" count="1" type="stmt"/>
      <line num="488" count="1" type="stmt"/>
      <line num="493" count="1" type="stmt"/>
      <line num="494" count="1" type="stmt"/>
      <line num="495" count="1" type="stmt"/>
      <line num="500" count="1" type="stmt"/>
      <line num="501" count="1" type="stmt"/>
      <line num="506" count="2" type="cond" truecount="2" falsecount="0"/>
      <line num="507" count="1" type="stmt"/>
      <line num="509" count="1" type="stmt"/>
      <line num="515" count="5" type="stmt"/>
      <line num="516" count="5" type="cond" truecount="1" falsecount="0"/>
      <line num="517" count="3" type="stmt"/>
      <line num="523" count="0" type="stmt"/>
      <line num="524" count="0" type="cond" truecount="0" falsecount="1"/>
      <line num="525" count="0" type="stmt"/>
      <line num="531" count="2" type="stmt"/>
      <line num="532" count="2" type="cond" truecount="3" falsecount="0"/>
      <line num="533" count="1" type="stmt"/>
      <line num="539" count="159" type="cond" truecount="1" falsecount="0"/>
      <line num="540" count="159" type="cond" truecount="3" falsecount="0"/>
      <line num="541" count="1" type="stmt"/>
      <line num="543" count="158" type="stmt"/>
      <line num="547" count="5" type="cond" truecount="2" falsecount="0"/>
      <line num="548" count="298" type="stmt"/>
      <line num="551" count="5" type="stmt"/>
      <line num="552" count="7" type="cond" truecount="1" falsecount="0"/>
      <line num="553" count="3" type="stmt"/>
      <line num="555" count="7" type="stmt"/>
      <line num="558" count="5" type="stmt"/>
      <line num="559" count="2" type="cond" truecount="2" falsecount="0"/>
      <line num="560" count="1" type="stmt"/>
      <line num="562" count="1" type="stmt"/>
      <line num="566" count="5" type="stmt"/>
      <line num="567" count="1" type="stmt"/>
      <line num="568" count="1" type="stmt"/>
      <line num="571" count="5" type="cond" truecount="1" falsecount="0"/>
      <line num="572" count="2" type="stmt"/>
      <line num="573" count="2" type="stmt"/>
      <line num="574" count="2" type="stmt"/>
      <line num="577" count="5" type="stmt"/>
      <line num="578" count="2" type="stmt"/>
      <line num="579" count="2" type="stmt"/>
      <line num="580" count="2" type="stmt"/>
      <line num="582" count="2" type="stmt"/>
      <line num="584" count="5" type="stmt"/>
      <line num="585" count="299" type="stmt"/>
      <line num="587" count="5" type="stmt"/>
      <line num="588" count="158" type="cond" truecount="1" falsecount="0"/>
      <line num="589" count="136" type="cond" truecount="1" falsecount="0"/>
      <line num="590" count="0" type="cond" truecount="0" falsecount="1"/>
      <line num="591" count="0" type="stmt"/>
      <line num="593" count="5" type="stmt"/>
      <line num="594" count="87" type="stmt"/>
      <line num="595" count="87" type="stmt"/>
      <line num="596" count="87" type="stmt"/>
      <line num="598" count="87" type="stmt"/>
      <line num="599" count="231" type="cond" truecount="1" falsecount="0"/>
      <line num="600" count="231" type="stmt"/>
      <line num="604" count="87" type="stmt"/>
      <line num="607" count="5" type="stmt"/>
      <line num="609" count="3" type="stmt"/>
      <line num="612" count="1" type="stmt"/>
      <line num="617" count="2" type="stmt"/>
      <line num="627" count="5" type="stmt"/>
      <line num="631" count="470" type="stmt"/>
      <line num="632" count="470" type="stmt"/>
      <line num="633" count="124" type="cond" truecount="1" falsecount="0"/>
      <line num="634" count="3" type="stmt"/>
      <line num="636" count="121" type="stmt"/>
      <line num="639" count="470" type="stmt"/>
      <line num="641" count="114" type="stmt"/>
      <line num="642" count="114" type="cond" truecount="1" falsecount="0"/>
      <line num="643" count="2" type="stmt"/>
      <line num="645" count="112" type="stmt"/>
      <line num="650" count="470" type="stmt"/>
    </file>
  </project>
</coverage>
