<?xml version="1.0" encoding="UTF-8"?>
<coverage generated="1697143885252" clover="3.2.0">
  <project timestamp="1697143885252" name="All files">
    <metrics statements="315" coveredstatements="306" conditionals="82" coveredconditionals="74" methods="110" coveredmethods="104" elements="507" coveredelements="484" complexity="0" loc="315" ncloc="315" packages="1" files="5" classes="5"/>
    <file name="cardboard.ts" path="/Users/keff_work/Documents/dev/self/libs/npm/cardboard-js/src/cardboard.ts">
      <metrics statements="6" coveredstatements="6" conditionals="0" coveredconditionals="0" methods="0" coveredmethods="0"/>
      <line num="1" count="1" type="stmt"/>
      <line num="2" count="1" type="stmt"/>
      <line num="3" count="1" type="stmt"/>
      <line num="4" count="1" type="stmt"/>
      <line num="5" count="1" type="stmt"/>
      <line num="6" count="1" type="stmt"/>
    </file>
    <file name="css-generator.ts" path="/Users/keff_work/Documents/dev/self/libs/npm/cardboard-js/src/css-generator.ts">
      <metrics statements="20" coveredstatements="20" conditionals="5" coveredconditionals="5" methods="4" coveredmethods="4"/>
      <line num="2" count="5" type="stmt"/>
      <line num="4" count="5" type="stmt"/>
      <line num="6" count="5" type="cond" truecount="2" falsecount="0"/>
      <line num="7" count="5" type="stmt"/>
      <line num="9" count="5" type="stmt"/>
      <line num="10" count="3" type="stmt"/>
      <line num="11" count="3" type="stmt"/>
      <line num="14" count="5" type="stmt"/>
      <line num="18" count="3" type="stmt"/>
      <line num="19" count="3" type="stmt"/>
      <line num="23" count="4" type="stmt"/>
      <line num="24" count="4" type="stmt"/>
      <line num="26" count="4" type="stmt"/>
      <line num="27" count="6" type="cond" truecount="2" falsecount="0"/>
      <line num="28" count="1" type="stmt"/>
      <line num="30" count="5" type="cond" truecount="1" falsecount="0"/>
      <line num="31" count="5" type="stmt"/>
      <line num="35" count="4" type="stmt"/>
      <line num="37" count="4" type="stmt"/>
      <line num="41" count="5" type="stmt"/>
    </file>
    <file name="state.ts" path="/Users/keff_work/Documents/dev/self/libs/npm/cardboard-js/src/state.ts">
      <metrics statements="42" coveredstatements="42" conditionals="11" coveredconditionals="11" methods="12" coveredmethods="12"/>
      <line num="1" count="3" type="stmt"/>
      <line num="11" count="3" type="stmt"/>
      <line num="12" count="20" type="stmt"/>
      <line num="13" count="20" type="stmt"/>
      <line num="15" count="20" type="cond" truecount="1" falsecount="0"/>
      <line num="17" count="20" type="stmt"/>
      <line num="18" count="12" type="cond" truecount="1" falsecount="0"/>
      <line num="19" count="12" type="cond" truecount="1" falsecount="0"/>
      <line num="20" count="12" type="stmt"/>
      <line num="24" count="20" type="stmt"/>
      <line num="25" count="22" type="cond" truecount="1" falsecount="0"/>
      <line num="26" count="12" type="stmt"/>
      <line num="27" count="12" type="stmt"/>
      <line num="31" count="22" type="stmt"/>
      <line num="32" count="6" type="stmt"/>
      <line num="36" count="20" type="stmt"/>
      <line num="37" count="52" type="stmt"/>
      <line num="39" count="52" type="stmt"/>
      <line num="40" count="52" type="cond" truecount="2" falsecount="0"/>
      <line num="41" count="15" type="stmt"/>
      <line num="42" count="37" type="cond" truecount="1" falsecount="0"/>
      <line num="43" count="36" type="stmt"/>
      <line num="47" count="52" type="stmt"/>
      <line num="50" count="20" type="stmt"/>
      <line num="51" count="22" type="cond" truecount="2" falsecount="0"/>
      <line num="52" count="2" type="stmt"/>
      <line num="54" count="20" type="cond" truecount="1" falsecount="0"/>
      <line num="55" count="4" type="stmt"/>
      <line num="59" count="20" type="stmt"/>
      <line num="61" count="1" type="stmt"/>
      <line num="62" count="1" type="stmt"/>
      <line num="63" count="1" type="stmt"/>
      <line num="66" count="52" type="stmt"/>
      <line num="69" count="39" type="cond" truecount="1" falsecount="0"/>
      <line num="70" count="23" type="stmt"/>
      <line num="71" count="23" type="stmt"/>
      <line num="74" count="16" type="stmt"/>
      <line num="75" count="16" type="stmt"/>
      <line num="76" count="16" type="stmt"/>
      <line num="81" count="20" type="stmt"/>
      <line num="82" count="1" type="stmt"/>
      <line num="87" count="20" type="stmt"/>
    </file>
    <file name="tag.ts" path="/Users/keff_work/Documents/dev/self/libs/npm/cardboard-js/src/tag.ts">
      <metrics statements="234" coveredstatements="230" conditionals="64" coveredconditionals="56" methods="85" coveredmethods="85"/>
      <line num="1" count="4" type="stmt"/>
      <line num="13" count="4" type="stmt"/>
      <line num="20" count="4" type="stmt"/>
      <line num="21" count="11" type="stmt"/>
      <line num="29" count="4" type="stmt"/>
      <line num="31" count="293" type="stmt"/>
      <line num="34" count="293" type="stmt"/>
      <line num="35" count="293" type="stmt"/>
      <line num="41" count="7" type="stmt"/>
      <line num="45" count="3" type="stmt"/>
      <line num="49" count="2" type="stmt"/>
      <line num="53" count="4" type="stmt"/>
      <line num="54" count="4" type="stmt"/>
      <line num="58" count="2" type="stmt"/>
      <line num="59" count="2" type="stmt"/>
      <line num="63" count="293" type="stmt"/>
      <line num="65" count="293" type="cond" truecount="4" falsecount="0"/>
      <line num="66" count="10" type="stmt"/>
      <line num="67" count="10" type="stmt"/>
      <line num="68" count="283" type="cond" truecount="2" falsecount="0"/>
      <line num="69" count="278" type="stmt"/>
      <line num="70" count="5" type="cond" truecount="1" falsecount="1"/>
      <line num="71" count="5" type="stmt"/>
      <line num="72" count="5" type="stmt"/>
      <line num="74" count="0" type="stmt"/>
      <line num="77" count="293" type="cond" truecount="1" falsecount="0"/>
      <line num="79" count="293" type="cond" truecount="3" falsecount="0"/>
      <line num="80" count="114" type="stmt"/>
      <line num="86" count="14" type="stmt"/>
      <line num="92" count="125" type="stmt"/>
      <line num="95" count="125" type="stmt"/>
      <line num="100" count="1" type="stmt"/>
      <line num="101" count="1" type="stmt"/>
      <line num="102" count="1" type="stmt"/>
      <line num="106" count="4" type="stmt"/>
      <line num="107" count="8" type="cond" truecount="2" falsecount="0"/>
      <line num="108" count="4" type="stmt"/>
      <line num="110" count="4" type="stmt"/>
      <line num="111" count="4" type="stmt"/>
      <line num="112" count="4" type="stmt"/>
      <line num="116" count="2" type="stmt"/>
      <line num="120" count="3" type="cond" truecount="0" falsecount="1"/>
      <line num="121" count="3" type="stmt"/>
      <line num="122" count="3" type="stmt"/>
      <line num="126" count="3" type="stmt"/>
      <line num="127" count="3" type="stmt"/>
      <line num="132" count="1" type="stmt"/>
      <line num="133" count="1" type="stmt"/>
      <line num="134" count="1" type="cond" truecount="0" falsecount="1"/>
      <line num="135" count="1" type="cond" truecount="1" falsecount="1"/>
      <line num="136" count="0" type="stmt"/>
      <line num="139" count="1" type="stmt"/>
      <line num="140" count="1" type="stmt"/>
      <line num="141" count="1" type="stmt"/>
      <line num="146" count="2" type="stmt"/>
      <line num="147" count="3" type="stmt"/>
      <line num="148" count="3" type="cond" truecount="0" falsecount="1"/>
      <line num="149" count="3" type="cond" truecount="2" falsecount="0"/>
      <line num="150" count="2" type="stmt"/>
      <line num="153" count="2" type="stmt"/>
      <line num="154" count="2" type="stmt"/>
      <line num="155" count="2" type="stmt"/>
      <line num="160" count="1" type="stmt"/>
      <line num="162" count="1" type="stmt"/>
      <line num="163" count="1" type="stmt"/>
      <line num="169" count="1" type="stmt"/>
      <line num="171" count="1" type="stmt"/>
      <line num="172" count="1" type="stmt"/>
      <line num="178" count="1" type="stmt"/>
      <line num="180" count="1" type="stmt"/>
      <line num="181" count="1" type="stmt"/>
      <line num="187" count="1" type="stmt"/>
      <line num="189" count="1" type="stmt"/>
      <line num="190" count="1" type="stmt"/>
      <line num="196" count="1" type="stmt"/>
      <line num="201" count="1" type="stmt"/>
      <line num="209" count="1" type="stmt"/>
      <line num="210" count="1" type="stmt"/>
      <line num="214" count="2" type="stmt"/>
      <line num="215" count="2" type="stmt"/>
      <line num="219" count="7" type="cond" truecount="1" falsecount="0"/>
      <line num="220" count="1" type="stmt"/>
      <line num="222" count="7" type="cond" truecount="1" falsecount="0"/>
      <line num="223" count="1" type="stmt"/>
      <line num="225" count="7" type="cond" truecount="1" falsecount="0"/>
      <line num="226" count="3" type="stmt"/>
      <line num="228" count="7" type="cond" truecount="1" falsecount="0"/>
      <line num="229" count="1" type="stmt"/>
      <line num="231" count="7" type="cond" truecount="1" falsecount="0"/>
      <line num="232" count="1" type="stmt"/>
      <line num="234" count="7" type="cond" truecount="1" falsecount="0"/>
      <line num="235" count="1" type="stmt"/>
      <line num="237" count="7" type="cond" truecount="1" falsecount="0"/>
      <line num="238" count="1" type="stmt"/>
      <line num="240" count="7" type="cond" truecount="1" falsecount="0"/>
      <line num="241" count="1" type="stmt"/>
      <line num="242" count="1" type="stmt"/>
      <line num="246" count="7" type="stmt"/>
      <line num="250" count="3" type="stmt"/>
      <line num="251" count="3" type="stmt"/>
      <line num="255" count="4" type="stmt"/>
      <line num="256" count="4" type="stmt"/>
      <line num="260" count="3" type="stmt"/>
      <line num="261" count="3" type="stmt"/>
      <line num="263" count="3" type="stmt"/>
      <line num="267" count="9" type="stmt"/>
      <line num="268" count="9" type="cond" truecount="1" falsecount="0"/>
      <line num="269" count="4" type="stmt"/>
      <line num="272" count="5" type="stmt"/>
      <line num="276" count="1" type="stmt"/>
      <line num="277" count="1" type="stmt"/>
      <line num="281" count="3" type="stmt"/>
      <line num="282" count="3" type="stmt"/>
      <line num="286" count="1" type="stmt"/>
      <line num="287" count="1" type="stmt"/>
      <line num="289" count="1" type="stmt"/>
      <line num="293" count="1" type="stmt"/>
      <line num="294" count="1" type="stmt"/>
      <line num="296" count="1" type="stmt"/>
      <line num="300" count="4" type="stmt"/>
      <line num="301" count="4" type="cond" truecount="1" falsecount="0"/>
      <line num="302" count="2" type="stmt"/>
      <line num="305" count="2" type="stmt"/>
      <line num="309" count="1" type="stmt"/>
      <line num="310" count="1" type="stmt"/>
      <line num="312" count="1" type="stmt"/>
      <line num="316" count="7" type="stmt"/>
      <line num="317" count="7" type="stmt"/>
      <line num="318" count="7" type="stmt"/>
      <line num="322" count="4" type="stmt"/>
      <line num="323" count="4" type="stmt"/>
      <line num="324" count="4" type="stmt"/>
      <line num="326" count="4" type="stmt"/>
      <line num="330" count="10" type="stmt"/>
      <line num="331" count="10" type="cond" truecount="1" falsecount="0"/>
      <line num="332" count="5" type="stmt"/>
      <line num="335" count="5" type="stmt"/>
      <line num="339" count="1" type="stmt"/>
      <line num="343" count="8" type="cond" truecount="1" falsecount="0"/>
      <line num="344" count="8" type="stmt"/>
      <line num="345" count="8" type="stmt"/>
      <line num="348" count="8" type="stmt"/>
      <line num="352" count="1" type="cond" truecount="1" falsecount="0"/>
      <line num="353" count="1" type="stmt"/>
      <line num="354" count="1" type="stmt"/>
      <line num="355" count="1" type="stmt"/>
      <line num="358" count="1" type="stmt"/>
      <line num="360" count="1" type="stmt"/>
      <line num="364" count="1" type="stmt"/>
      <line num="368" count="3" type="cond" truecount="1" falsecount="0"/>
      <line num="369" count="2" type="stmt"/>
      <line num="370" count="2" type="cond" truecount="3" falsecount="0"/>
      <line num="371" count="1" type="stmt"/>
      <line num="376" count="1" type="stmt"/>
      <line num="380" count="1" type="stmt"/>
      <line num="384" count="1" type="stmt"/>
      <line num="388" count="4" type="stmt"/>
      <line num="389" count="4" type="stmt"/>
      <line num="393" count="1" type="stmt"/>
      <line num="395" count="1" type="stmt"/>
      <line num="396" count="1" type="stmt"/>
      <line num="400" count="1" type="stmt"/>
      <line num="401" count="1" type="stmt"/>
      <line num="402" count="1" type="stmt"/>
      <line num="406" count="1" type="stmt"/>
      <line num="407" count="1" type="stmt"/>
      <line num="411" count="2" type="cond" truecount="2" falsecount="0"/>
      <line num="412" count="1" type="stmt"/>
      <line num="414" count="1" type="stmt"/>
      <line num="419" count="5" type="stmt"/>
      <line num="420" count="5" type="cond" truecount="1" falsecount="0"/>
      <line num="421" count="3" type="stmt"/>
      <line num="426" count="2" type="stmt"/>
      <line num="427" count="2" type="stmt"/>
      <line num="428" count="2" type="cond" truecount="1" falsecount="0"/>
      <line num="431" count="1" type="stmt"/>
      <line num="435" count="141" type="cond" truecount="1" falsecount="0"/>
      <line num="436" count="141" type="cond" truecount="3" falsecount="0"/>
      <line num="437" count="1" type="stmt"/>
      <line num="438" count="1" type="stmt"/>
      <line num="440" count="140" type="stmt"/>
      <line num="444" count="4" type="cond" truecount="2" falsecount="0"/>
      <line num="445" count="288" type="stmt"/>
      <line num="448" count="4" type="stmt"/>
      <line num="449" count="7" type="cond" truecount="1" falsecount="0"/>
      <line num="450" count="3" type="stmt"/>
      <line num="452" count="7" type="stmt"/>
      <line num="455" count="4" type="stmt"/>
      <line num="456" count="2" type="cond" truecount="2" falsecount="0"/>
      <line num="457" count="1" type="stmt"/>
      <line num="459" count="1" type="stmt"/>
      <line num="463" count="4" type="stmt"/>
      <line num="464" count="1" type="stmt"/>
      <line num="465" count="1" type="stmt"/>
      <line num="468" count="4" type="cond" truecount="1" falsecount="0"/>
      <line num="469" count="2" type="stmt"/>
      <line num="470" count="2" type="stmt"/>
      <line num="471" count="2" type="stmt"/>
      <line num="474" count="4" type="stmt"/>
      <line num="475" count="5" type="stmt"/>
      <line num="476" count="5" type="stmt"/>
      <line num="477" count="3" type="stmt"/>
      <line num="479" count="5" type="stmt"/>
      <line num="481" count="4" type="stmt"/>
      <line num="482" count="288" type="stmt"/>
      <line num="484" count="4" type="stmt"/>
      <line num="485" count="140" type="cond" truecount="1" falsecount="0"/>
      <line num="486" count="127" type="cond" truecount="1" falsecount="0"/>
      <line num="487" count="0" type="cond" truecount="0" falsecount="1"/>
      <line num="488" count="0" type="stmt"/>
      <line num="490" count="4" type="stmt"/>
      <line num="491" count="7" type="stmt"/>
      <line num="492" count="7" type="stmt"/>
      <line num="493" count="7" type="stmt"/>
      <line num="495" count="7" type="stmt"/>
      <line num="496" count="6" type="cond" truecount="1" falsecount="0"/>
      <line num="497" count="6" type="stmt"/>
      <line num="501" count="7" type="stmt"/>
      <line num="504" count="4" type="stmt"/>
      <line num="506" count="3" type="stmt"/>
      <line num="509" count="1" type="stmt"/>
      <line num="514" count="2" type="stmt"/>
      <line num="524" count="4" type="stmt"/>
      <line num="528" count="467" type="stmt"/>
      <line num="529" count="467" type="stmt"/>
      <line num="530" count="115" type="cond" truecount="1" falsecount="0"/>
      <line num="531" count="3" type="stmt"/>
      <line num="533" count="112" type="stmt"/>
      <line num="536" count="467" type="stmt"/>
      <line num="538" count="114" type="stmt"/>
      <line num="539" count="114" type="cond" truecount="1" falsecount="0"/>
      <line num="540" count="2" type="stmt"/>
      <line num="542" count="112" type="stmt"/>
      <line num="547" count="467" type="stmt"/>
    </file>
    <file name="util.ts" path="/Users/keff_work/Documents/dev/self/libs/npm/cardboard-js/src/util.ts">
      <metrics statements="13" coveredstatements="8" conditionals="2" coveredconditionals="2" methods="9" coveredmethods="3"/>
      <line num="5" count="6" type="stmt"/>
      <line num="6" count="0" type="stmt"/>
      <line num="7" count="0" type="stmt"/>
      <line num="8" count="0" type="stmt"/>
      <line num="9" count="0" type="stmt"/>
      <line num="10" count="0" type="stmt"/>
      <line num="13" count="6" type="stmt"/>
      <line num="14" count="6" type="stmt"/>
      <line num="15" count="6" type="stmt"/>
      <line num="16" count="6" type="stmt"/>
      <line num="17" count="6" type="stmt"/>
      <line num="18" count="80" type="cond" truecount="2" falsecount="0"/>
      <line num="20" count="6" type="stmt"/>
    </file>
  </project>
</coverage>
