{"/Users/keff_work/Documents/dev/self/libs/npm/cardboard-js/src/cardboard.ts": {"path":"/Users/keff_work/Documents/dev/self/libs/npm/cardboard-js/src/cardboard.ts","statementMap":{"0":{"start":{"line":1,"column":0},"end":{"line":1,"column":25}},"1":{"start":{"line":2,"column":0},"end":{"line":2,"column":27}},"2":{"start":{"line":3,"column":0},"end":{"line":3,"column":35}},"3":{"start":{"line":4,"column":0},"end":{"line":4,"column":26}},"4":{"start":{"line":5,"column":0},"end":{"line":5,"column":36}},"5":{"start":{"line":6,"column":0},"end":{"line":6,"column":36}}},"fnMap":{},"branchMap":{},"s":{"0":1,"1":1,"2":1,"3":1,"4":1,"5":1},"f":{},"b":{}}
,"/Users/keff_work/Documents/dev/self/libs/npm/cardboard-js/src/css-generator.ts": {"path":"/Users/keff_work/Documents/dev/self/libs/npm/cardboard-js/src/css-generator.ts","statementMap":{"0":{"start":{"line":2,"column":0},"end":{"line":2,"column":50}},"1":{"start":{"line":6,"column":22},"end":{"line":6,"column":77}},"2":{"start":{"line":7,"column":23},"end":{"line":7,"column":25}},"3":{"start":{"line":9,"column":4},"end":{"line":13,"column":null}},"4":{"start":{"line":10,"column":6},"end":{"line":12,"column":null}},"5":{"start":{"line":11,"column":8},"end":{"line":11,"column":60}},"6":{"start":{"line":14,"column":4},"end":{"line":14,"column":24}},"7":{"start":{"line":18,"column":17},"end":{"line":18,"column":59}},"8":{"start":{"line":19,"column":4},"end":{"line":19,"column":27}},"9":{"start":{"line":23,"column":17},"end":{"line":23,"column":19}},"10":{"start":{"line":24,"column":17},"end":{"line":24,"column":19}},"11":{"start":{"line":26,"column":4},"end":{"line":33,"column":null}},"12":{"start":{"line":27,"column":6},"end":{"line":32,"column":null}},"13":{"start":{"line":28,"column":8},"end":{"line":28,"column":75}},"14":{"start":{"line":30,"column":11},"end":{"line":32,"column":null}},"15":{"start":{"line":31,"column":8},"end":{"line":31,"column":64}},"16":{"start":{"line":35,"column":4},"end":{"line":35,"column":45}},"17":{"start":{"line":37,"column":4},"end":{"line":37,"column":18}},"18":{"start":{"line":41,"column":4},"end":{"line":41,"column":44}},"19":{"start":{"line":4,"column":0},"end":{"line":4,"column":13}}},"fnMap":{"0":{"name":"(anonymous_0)","decl":{"start":{"line":5,"column":2},"end":{"line":5,"column":13}},"loc":{"start":{"line":5,"column":97},"end":{"line":15,"column":3}}},"1":{"name":"(anonymous_1)","decl":{"start":{"line":17,"column":2},"end":{"line":17,"column":15}},"loc":{"start":{"line":17,"column":55},"end":{"line":20,"column":3}}},"2":{"name":"(anonymous_2)","decl":{"start":{"line":22,"column":2},"end":{"line":22,"column":22}},"loc":{"start":{"line":22,"column":62},"end":{"line":38,"column":3}}},"3":{"name":"(anonymous_3)","decl":{"start":{"line":40,"column":2},"end":{"line":40,"column":15}},"loc":{"start":{"line":40,"column":43},"end":{"line":42,"column":3}}}},"branchMap":{"0":{"loc":{"start":{"line":6,"column":22},"end":{"line":6,"column":77}},"type":"cond-expr","locations":[{"start":{"line":6,"column":52},"end":{"line":6,"column":62}},{"start":{"line":6,"column":65},"end":{"line":6,"column":77}}]},"1":{"loc":{"start":{"line":27,"column":6},"end":{"line":32,"column":null}},"type":"if","locations":[{"start":{"line":27,"column":6},"end":{"line":32,"column":null}},{"start":{"line":30,"column":11},"end":{"line":32,"column":null}}]},"2":{"loc":{"start":{"line":30,"column":11},"end":{"line":32,"column":null}},"type":"if","locations":[{"start":{"line":30,"column":11},"end":{"line":32,"column":null}}]}},"s":{"0":5,"1":5,"2":5,"3":5,"4":3,"5":3,"6":5,"7":3,"8":3,"9":4,"10":4,"11":4,"12":6,"13":1,"14":5,"15":5,"16":4,"17":4,"18":5,"19":5},"f":{"0":5,"1":3,"2":4,"3":5},"b":{"0":[2,3],"1":[1,5],"2":[5]}}
,"/Users/keff_work/Documents/dev/self/libs/npm/cardboard-js/src/state.ts": {"path":"/Users/keff_work/Documents/dev/self/libs/npm/cardboard-js/src/state.ts","statementMap":{"0":{"start":{"line":1,"column":0},"end":{"line":1,"column":37}},"1":{"start":{"line":12,"column":47},"end":{"line":12,"column":49}},"2":{"start":{"line":13,"column":24},"end":{"line":13,"column":26}},"3":{"start":{"line":15,"column":2},"end":{"line":15,"column":47}},"4":{"start":{"line":15,"column":16},"end":{"line":15,"column":47}},"5":{"start":{"line":17,"column":22},"end":{"line":22,"column":3}},"6":{"start":{"line":18,"column":4},"end":{"line":18,"column":57}},"7":{"start":{"line":18,"column":31},"end":{"line":18,"column":57}},"8":{"start":{"line":19,"column":4},"end":{"line":21,"column":null}},"9":{"start":{"line":20,"column":6},"end":{"line":20,"column":42}},"10":{"start":{"line":24,"column":21},"end":{"line":34,"column":3}},"11":{"start":{"line":25,"column":4},"end":{"line":29,"column":null}},"12":{"start":{"line":26,"column":6},"end":{"line":28,"column":null}},"13":{"start":{"line":27,"column":8},"end":{"line":27,"column":31}},"14":{"start":{"line":31,"column":4},"end":{"line":33,"column":null}},"15":{"start":{"line":32,"column":6},"end":{"line":32,"column":23}},"16":{"start":{"line":36,"column":27},"end":{"line":48,"column":3}},"17":{"start":{"line":37,"column":23},"end":{"line":37,"column":35}},"18":{"start":{"line":39,"column":4},"end":{"line":45,"column":22}},"19":{"start":{"line":40,"column":6},"end":{"line":44,"column":null}},"20":{"start":{"line":41,"column":8},"end":{"line":41,"column":66}},"21":{"start":{"line":41,"column":38},"end":{"line":41,"column":65}},"22":{"start":{"line":42,"column":13},"end":{"line":44,"column":null}},"23":{"start":{"line":43,"column":8},"end":{"line":43,"column":76}},"24":{"start":{"line":43,"column":48},"end":{"line":43,"column":75}},"25":{"start":{"line":47,"column":4},"end":{"line":47,"column":17}},"26":{"start":{"line":50,"column":2},"end":{"line":57,"column":null}},"27":{"start":{"line":51,"column":4},"end":{"line":56,"column":null}},"28":{"start":{"line":52,"column":6},"end":{"line":52,"column":76}},"29":{"start":{"line":52,"column":49},"end":{"line":52,"column":74}},"30":{"start":{"line":54,"column":9},"end":{"line":56,"column":null}},"31":{"start":{"line":55,"column":6},"end":{"line":55,"column":76}},"32":{"start":{"line":55,"column":49},"end":{"line":55,"column":74}},"33":{"start":{"line":59,"column":16},"end":{"line":78,"column":11}},"34":{"start":{"line":61,"column":6},"end":{"line":61,"column":31}},"35":{"start":{"line":62,"column":6},"end":{"line":62,"column":26}},"36":{"start":{"line":63,"column":6},"end":{"line":63,"column":18}},"37":{"start":{"line":66,"column":6},"end":{"line":66,"column":44}},"38":{"start":{"line":69,"column":6},"end":{"line":72,"column":null}},"39":{"start":{"line":70,"column":8},"end":{"line":70,"column":29}},"40":{"start":{"line":71,"column":8},"end":{"line":71,"column":20}},"41":{"start":{"line":74,"column":6},"end":{"line":74,"column":27}},"42":{"start":{"line":75,"column":6},"end":{"line":75,"column":31}},"43":{"start":{"line":76,"column":6},"end":{"line":76,"column":18}},"44":{"start":{"line":81,"column":2},"end":{"line":83,"column":4}},"45":{"start":{"line":82,"column":4},"end":{"line":82,"column":35}},"46":{"start":{"line":87,"column":2},"end":{"line":87,"column":27}},"47":{"start":{"line":11,"column":0},"end":{"line":11,"column":16}}},"fnMap":{"0":{"name":"state","decl":{"start":{"line":11,"column":16},"end":{"line":11,"column":21}},"loc":{"start":{"line":11,"column":84},"end":{"line":88,"column":1}}},"1":{"name":"(anonymous_1)","decl":{"start":{"line":17,"column":22},"end":{"line":17,"column":23}},"loc":{"start":{"line":17,"column":41},"end":{"line":22,"column":3}}},"2":{"name":"(anonymous_2)","decl":{"start":{"line":24,"column":21},"end":{"line":24,"column":22}},"loc":{"start":{"line":24,"column":38},"end":{"line":34,"column":3}}},"3":{"name":"(anonymous_3)","decl":{"start":{"line":36,"column":27},"end":{"line":36,"column":28}},"loc":{"start":{"line":36,"column":44},"end":{"line":48,"column":3}}},"4":{"name":"(anonymous_4)","decl":{"start":{"line":41,"column":24},"end":{"line":41,"column":25}},"loc":{"start":{"line":41,"column":38},"end":{"line":41,"column":65}}},"5":{"name":"(anonymous_5)","decl":{"start":{"line":43,"column":34},"end":{"line":43,"column":35}},"loc":{"start":{"line":43,"column":48},"end":{"line":43,"column":75}}},"6":{"name":"(anonymous_6)","decl":{"start":{"line":52,"column":43},"end":{"line":52,"column":46}},"loc":{"start":{"line":52,"column":49},"end":{"line":52,"column":74}}},"7":{"name":"(anonymous_7)","decl":{"start":{"line":55,"column":43},"end":{"line":55,"column":46}},"loc":{"start":{"line":55,"column":49},"end":{"line":55,"column":74}}},"8":{"name":"(anonymous_8)","decl":{"start":{"line":60,"column":20},"end":{"line":60,"column":30}},"loc":{"start":{"line":60,"column":42},"end":{"line":64,"column":5}}},"9":{"name":"(anonymous_9)","decl":{"start":{"line":65,"column":9},"end":{"line":65,"column":10}},"loc":{"start":{"line":65,"column":26},"end":{"line":67,"column":5}}},"10":{"name":"(anonymous_10)","decl":{"start":{"line":68,"column":9},"end":{"line":68,"column":10}},"loc":{"start":{"line":68,"column":33},"end":{"line":77,"column":5}}},"11":{"name":"(anonymous_11)","decl":{"start":{"line":81,"column":18},"end":{"line":81,"column":19}},"loc":{"start":{"line":81,"column":31},"end":{"line":83,"column":3}}}},"branchMap":{"0":{"loc":{"start":{"line":15,"column":2},"end":{"line":15,"column":47}},"type":"if","locations":[{"start":{"line":15,"column":2},"end":{"line":15,"column":47}}]},"1":{"loc":{"start":{"line":18,"column":4},"end":{"line":18,"column":57}},"type":"if","locations":[{"start":{"line":18,"column":4},"end":{"line":18,"column":57}}]},"2":{"loc":{"start":{"line":19,"column":4},"end":{"line":21,"column":null}},"type":"if","locations":[{"start":{"line":19,"column":4},"end":{"line":21,"column":null}}]},"3":{"loc":{"start":{"line":25,"column":4},"end":{"line":29,"column":null}},"type":"if","locations":[{"start":{"line":25,"column":4},"end":{"line":29,"column":null}}]},"4":{"loc":{"start":{"line":40,"column":6},"end":{"line":44,"column":null}},"type":"if","locations":[{"start":{"line":40,"column":6},"end":{"line":44,"column":null}},{"start":{"line":42,"column":13},"end":{"line":44,"column":null}}]},"5":{"loc":{"start":{"line":42,"column":13},"end":{"line":44,"column":null}},"type":"if","locations":[{"start":{"line":42,"column":13},"end":{"line":44,"column":null}}]},"6":{"loc":{"start":{"line":51,"column":4},"end":{"line":56,"column":null}},"type":"if","locations":[{"start":{"line":51,"column":4},"end":{"line":56,"column":null}},{"start":{"line":54,"column":9},"end":{"line":56,"column":null}}]},"7":{"loc":{"start":{"line":54,"column":9},"end":{"line":56,"column":null}},"type":"if","locations":[{"start":{"line":54,"column":9},"end":{"line":56,"column":null}}]},"8":{"loc":{"start":{"line":69,"column":6},"end":{"line":72,"column":null}},"type":"if","locations":[{"start":{"line":69,"column":6},"end":{"line":72,"column":null}}]}},"s":{"0":3,"1":20,"2":20,"3":20,"4":4,"5":20,"6":12,"7":12,"8":12,"9":12,"10":20,"11":22,"12":12,"13":12,"14":22,"15":6,"16":20,"17":52,"18":52,"19":52,"20":15,"21":1,"22":37,"23":36,"24":11,"25":52,"26":20,"27":22,"28":2,"29":1,"30":20,"31":2,"32":4,"33":20,"34":1,"35":1,"36":1,"37":52,"38":39,"39":23,"40":23,"41":16,"42":16,"43":16,"44":20,"45":1,"46":20,"47":3},"f":{"0":20,"1":12,"2":22,"3":52,"4":1,"5":11,"6":1,"7":4,"8":1,"9":52,"10":39,"11":1},"b":{"0":[4],"1":[12],"2":[12],"3":[12],"4":[15,37],"5":[36],"6":[2,20],"7":[2],"8":[23]}}
,"/Users/keff_work/Documents/dev/self/libs/npm/cardboard-js/src/tag.ts": {"path":"/Users/keff_work/Documents/dev/self/libs/npm/cardboard-js/src/tag.ts","statementMap":{"0":{"start":{"line":1,"column":0},"end":{"line":1,"column":50}},"1":{"start":{"line":13,"column":4},"end":{"line":17,"column":2}},"2":{"start":{"line":21,"column":2},"end":{"line":21,"column":29}},"3":{"start":{"line":20,"column":0},"end":{"line":20,"column":16}},"4":{"start":{"line":41,"column":4},"end":{"line":41,"column":44}},"5":{"start":{"line":45,"column":4},"end":{"line":45,"column":39}},"6":{"start":{"line":49,"column":4},"end":{"line":49,"column":27}},"7":{"start":{"line":53,"column":4},"end":{"line":53,"column":25}},"8":{"start":{"line":54,"column":4},"end":{"line":54,"column":16}},"9":{"start":{"line":58,"column":5},"end":{"line":58,"column":43}},"10":{"start":{"line":59,"column":4},"end":{"line":59,"column":16}},"11":{"start":{"line":31,"column":2},"end":{"line":31,"column":22}},"12":{"start":{"line":34,"column":10},"end":{"line":34,"column":38}},"13":{"start":{"line":35,"column":10},"end":{"line":38,"column":4}},"14":{"start":{"line":63,"column":4},"end":{"line":63,"column":33}},"15":{"start":{"line":65,"column":4},"end":{"line":75,"column":null}},"16":{"start":{"line":66,"column":6},"end":{"line":66,"column":30}},"17":{"start":{"line":67,"column":6},"end":{"line":67,"column":71}},"18":{"start":{"line":68,"column":11},"end":{"line":75,"column":null}},"19":{"start":{"line":69,"column":6},"end":{"line":69,"column":55}},"20":{"start":{"line":70,"column":11},"end":{"line":75,"column":null}},"21":{"start":{"line":71,"column":6},"end":{"line":71,"column":30}},"22":{"start":{"line":72,"column":6},"end":{"line":72,"column":31}},"23":{"start":{"line":74,"column":6},"end":{"line":74,"column":44}},"24":{"start":{"line":77,"column":4},"end":{"line":77,"column":56}},"25":{"start":{"line":77,"column":29},"end":{"line":77,"column":56}},"26":{"start":{"line":79,"column":4},"end":{"line":81,"column":null}},"27":{"start":{"line":80,"column":6},"end":{"line":80,"column":39}},"28":{"start":{"line":86,"column":4},"end":{"line":88,"column":6}},"29":{"start":{"line":92,"column":4},"end":{"line":94,"column":6}},"30":{"start":{"line":95,"column":4},"end":{"line":95,"column":16}},"31":{"start":{"line":100,"column":4},"end":{"line":100,"column":63}},"32":{"start":{"line":100,"column":37},"end":{"line":100,"column":61}},"33":{"start":{"line":101,"column":4},"end":{"line":101,"column":31}},"34":{"start":{"line":102,"column":4},"end":{"line":102,"column":16}},"35":{"start":{"line":106,"column":21},"end":{"line":109,"column":5}},"36":{"start":{"line":107,"column":6},"end":{"line":108,"column":26}},"37":{"start":{"line":107,"column":17},"end":{"line":107,"column":31}},"38":{"start":{"line":108,"column":11},"end":{"line":108,"column":26}},"39":{"start":{"line":110,"column":4},"end":{"line":110,"column":33}},"40":{"start":{"line":111,"column":4},"end":{"line":111,"column":25}},"41":{"start":{"line":112,"column":4},"end":{"line":112,"column":16}},"42":{"start":{"line":116,"column":4},"end":{"line":116,"column":50}},"43":{"start":{"line":120,"column":4},"end":{"line":120,"column":35}},"44":{"start":{"line":120,"column":22},"end":{"line":120,"column":35}},"45":{"start":{"line":121,"column":4},"end":{"line":121,"column":103}},"46":{"start":{"line":122,"column":4},"end":{"line":122,"column":16}},"47":{"start":{"line":126,"column":4},"end":{"line":126,"column":57}},"48":{"start":{"line":127,"column":4},"end":{"line":127,"column":18}},"49":{"start":{"line":132,"column":23},"end":{"line":137,"column":5}},"50":{"start":{"line":133,"column":6},"end":{"line":133,"column":38}},"51":{"start":{"line":134,"column":6},"end":{"line":134,"column":31}},"52":{"start":{"line":134,"column":24},"end":{"line":134,"column":31}},"53":{"start":{"line":135,"column":6},"end":{"line":136,"column":23}},"54":{"start":{"line":135,"column":18},"end":{"line":135,"column":30}},"55":{"start":{"line":136,"column":11},"end":{"line":136,"column":23}},"56":{"start":{"line":139,"column":4},"end":{"line":139,"column":35}},"57":{"start":{"line":140,"column":4},"end":{"line":140,"column":42}},"58":{"start":{"line":141,"column":4},"end":{"line":141,"column":16}},"59":{"start":{"line":146,"column":23},"end":{"line":151,"column":5}},"60":{"start":{"line":147,"column":6},"end":{"line":147,"column":38}},"61":{"start":{"line":148,"column":6},"end":{"line":148,"column":31}},"62":{"start":{"line":148,"column":24},"end":{"line":148,"column":31}},"63":{"start":{"line":149,"column":6},"end":{"line":150,"column":23}},"64":{"start":{"line":149,"column":17},"end":{"line":149,"column":29}},"65":{"start":{"line":150,"column":11},"end":{"line":150,"column":23}},"66":{"start":{"line":153,"column":4},"end":{"line":153,"column":35}},"67":{"start":{"line":154,"column":4},"end":{"line":154,"column":41}},"68":{"start":{"line":155,"column":4},"end":{"line":155,"column":16}},"69":{"start":{"line":160,"column":4},"end":{"line":164,"column":6}},"70":{"start":{"line":162,"column":12},"end":{"line":162,"column":37}},"71":{"start":{"line":163,"column":12},"end":{"line":163,"column":36}},"72":{"start":{"line":169,"column":4},"end":{"line":173,"column":6}},"73":{"start":{"line":171,"column":12},"end":{"line":171,"column":37}},"74":{"start":{"line":172,"column":12},"end":{"line":172,"column":36}},"75":{"start":{"line":178,"column":4},"end":{"line":182,"column":6}},"76":{"start":{"line":180,"column":12},"end":{"line":180,"column":37}},"77":{"start":{"line":181,"column":12},"end":{"line":181,"column":29}},"78":{"start":{"line":187,"column":4},"end":{"line":191,"column":6}},"79":{"start":{"line":189,"column":12},"end":{"line":189,"column":37}},"80":{"start":{"line":190,"column":12},"end":{"line":190,"column":29}},"81":{"start":{"line":196,"column":4},"end":{"line":196,"column":47}},"82":{"start":{"line":201,"column":4},"end":{"line":201,"column":50}},"83":{"start":{"line":209,"column":4},"end":{"line":209,"column":60}},"84":{"start":{"line":209,"column":32},"end":{"line":209,"column":58}},"85":{"start":{"line":210,"column":4},"end":{"line":210,"column":16}},"86":{"start":{"line":214,"column":4},"end":{"line":214,"column":36}},"87":{"start":{"line":215,"column":4},"end":{"line":215,"column":16}},"88":{"start":{"line":219,"column":4},"end":{"line":221,"column":null}},"89":{"start":{"line":220,"column":6},"end":{"line":220,"column":33}},"90":{"start":{"line":222,"column":4},"end":{"line":224,"column":null}},"91":{"start":{"line":223,"column":6},"end":{"line":223,"column":41}},"92":{"start":{"line":225,"column":4},"end":{"line":227,"column":null}},"93":{"start":{"line":226,"column":6},"end":{"line":226,"column":39}},"94":{"start":{"line":228,"column":4},"end":{"line":230,"column":null}},"95":{"start":{"line":229,"column":6},"end":{"line":229,"column":34}},"96":{"start":{"line":231,"column":4},"end":{"line":233,"column":null}},"97":{"start":{"line":232,"column":6},"end":{"line":232,"column":29}},"98":{"start":{"line":234,"column":4},"end":{"line":236,"column":null}},"99":{"start":{"line":235,"column":6},"end":{"line":235,"column":34}},"100":{"start":{"line":237,"column":4},"end":{"line":239,"column":null}},"101":{"start":{"line":238,"column":6},"end":{"line":238,"column":38}},"102":{"start":{"line":240,"column":4},"end":{"line":244,"column":null}},"103":{"start":{"line":241,"column":6},"end":{"line":243,"column":null}},"104":{"start":{"line":242,"column":8},"end":{"line":242,"column":37}},"105":{"start":{"line":246,"column":4},"end":{"line":246,"column":16}},"106":{"start":{"line":250,"column":4},"end":{"line":250,"column":46}},"107":{"start":{"line":251,"column":4},"end":{"line":251,"column":16}},"108":{"start":{"line":255,"column":4},"end":{"line":255,"column":39}},"109":{"start":{"line":256,"column":4},"end":{"line":256,"column":16}},"110":{"start":{"line":260,"column":4},"end":{"line":262,"column":null}},"111":{"start":{"line":261,"column":6},"end":{"line":261,"column":41}},"112":{"start":{"line":263,"column":4},"end":{"line":263,"column":16}},"113":{"start":{"line":267,"column":4},"end":{"line":271,"column":null}},"114":{"start":{"line":268,"column":6},"end":{"line":270,"column":null}},"115":{"start":{"line":269,"column":8},"end":{"line":269,"column":21}},"116":{"start":{"line":272,"column":4},"end":{"line":272,"column":16}},"117":{"start":{"line":276,"column":4},"end":{"line":276,"column":62}},"118":{"start":{"line":277,"column":4},"end":{"line":277,"column":16}},"119":{"start":{"line":281,"column":4},"end":{"line":281,"column":51}},"120":{"start":{"line":282,"column":4},"end":{"line":282,"column":16}},"121":{"start":{"line":286,"column":4},"end":{"line":288,"column":null}},"122":{"start":{"line":287,"column":6},"end":{"line":287,"column":38}},"123":{"start":{"line":289,"column":4},"end":{"line":289,"column":16}},"124":{"start":{"line":293,"column":4},"end":{"line":295,"column":null}},"125":{"start":{"line":294,"column":6},"end":{"line":294,"column":45}},"126":{"start":{"line":296,"column":4},"end":{"line":296,"column":16}},"127":{"start":{"line":300,"column":4},"end":{"line":304,"column":null}},"128":{"start":{"line":301,"column":6},"end":{"line":303,"column":null}},"129":{"start":{"line":302,"column":8},"end":{"line":302,"column":21}},"130":{"start":{"line":305,"column":4},"end":{"line":305,"column":16}},"131":{"start":{"line":309,"column":4},"end":{"line":311,"column":null}},"132":{"start":{"line":310,"column":6},"end":{"line":310,"column":36}},"133":{"start":{"line":312,"column":4},"end":{"line":312,"column":16}},"134":{"start":{"line":316,"column":4},"end":{"line":316,"column":41}},"135":{"start":{"line":317,"column":4},"end":{"line":317,"column":42}},"136":{"start":{"line":318,"column":4},"end":{"line":318,"column":16}},"137":{"start":{"line":322,"column":4},"end":{"line":325,"column":null}},"138":{"start":{"line":323,"column":6},"end":{"line":323,"column":40}},"139":{"start":{"line":324,"column":6},"end":{"line":324,"column":42}},"140":{"start":{"line":326,"column":4},"end":{"line":326,"column":16}},"141":{"start":{"line":330,"column":4},"end":{"line":334,"column":null}},"142":{"start":{"line":331,"column":6},"end":{"line":333,"column":null}},"143":{"start":{"line":332,"column":8},"end":{"line":332,"column":21}},"144":{"start":{"line":335,"column":4},"end":{"line":335,"column":16}},"145":{"start":{"line":339,"column":4},"end":{"line":339,"column":41}},"146":{"start":{"line":343,"column":4},"end":{"line":347,"column":null}},"147":{"start":{"line":344,"column":6},"end":{"line":346,"column":9}},"148":{"start":{"line":345,"column":8},"end":{"line":345,"column":29}},"149":{"start":{"line":348,"column":4},"end":{"line":348,"column":16}},"150":{"start":{"line":352,"column":4},"end":{"line":359,"column":null}},"151":{"start":{"line":353,"column":23},"end":{"line":356,"column":7}},"152":{"start":{"line":354,"column":8},"end":{"line":354,"column":22}},"153":{"start":{"line":355,"column":8},"end":{"line":355,"column":60}},"154":{"start":{"line":358,"column":6},"end":{"line":358,"column":55}},"155":{"start":{"line":360,"column":4},"end":{"line":360,"column":16}},"156":{"start":{"line":364,"column":4},"end":{"line":364,"column":32}},"157":{"start":{"line":368,"column":4},"end":{"line":374,"column":null}},"158":{"start":{"line":369,"column":6},"end":{"line":373,"column":9}},"159":{"start":{"line":370,"column":8},"end":{"line":372,"column":null}},"160":{"start":{"line":371,"column":10},"end":{"line":371,"column":24}},"161":{"start":{"line":376,"column":4},"end":{"line":376,"column":35}},"162":{"start":{"line":380,"column":4},"end":{"line":380,"column":33}},"163":{"start":{"line":384,"column":4},"end":{"line":384,"column":33}},"164":{"start":{"line":388,"column":4},"end":{"line":388,"column":26}},"165":{"start":{"line":389,"column":4},"end":{"line":389,"column":16}},"166":{"start":{"line":393,"column":5},"end":{"line":393,"column":37}},"167":{"start":{"line":395,"column":4},"end":{"line":395,"column":56}},"168":{"start":{"line":396,"column":4},"end":{"line":396,"column":16}},"169":{"start":{"line":400,"column":4},"end":{"line":400,"column":27}},"170":{"start":{"line":401,"column":4},"end":{"line":401,"column":41}},"171":{"start":{"line":402,"column":4},"end":{"line":402,"column":16}},"172":{"start":{"line":406,"column":4},"end":{"line":406,"column":28}},"173":{"start":{"line":407,"column":4},"end":{"line":407,"column":16}},"174":{"start":{"line":411,"column":4},"end":{"line":415,"column":null}},"175":{"start":{"line":412,"column":6},"end":{"line":412,"column":43}},"176":{"start":{"line":414,"column":6},"end":{"line":414,"column":30}},"177":{"start":{"line":419,"column":20},"end":{"line":419,"column":56}},"178":{"start":{"line":420,"column":4},"end":{"line":422,"column":null}},"179":{"start":{"line":421,"column":6},"end":{"line":421,"column":31}},"180":{"start":{"line":426,"column":27},"end":{"line":426,"column":45}},"181":{"start":{"line":427,"column":4},"end":{"line":429,"column":null}},"182":{"start":{"line":428,"column":6},"end":{"line":428,"column":71}},"183":{"start":{"line":428,"column":38},"end":{"line":428,"column":71}},"184":{"start":{"line":431,"column":4},"end":{"line":431,"column":16}},"185":{"start":{"line":435,"column":4},"end":{"line":435,"column":49}},"186":{"start":{"line":435,"column":30},"end":{"line":435,"column":49}},"187":{"start":{"line":436,"column":4},"end":{"line":439,"column":null}},"188":{"start":{"line":437,"column":6},"end":{"line":437,"column":35}},"189":{"start":{"line":438,"column":6},"end":{"line":438,"column":19}},"190":{"start":{"line":440,"column":4},"end":{"line":440,"column":16}},"191":{"start":{"line":29,"column":0},"end":{"line":29,"column":13}},"192":{"start":{"line":445,"column":2},"end":{"line":445,"column":42}},"193":{"start":{"line":444,"column":0},"end":{"line":444,"column":16}},"194":{"start":{"line":449,"column":2},"end":{"line":451,"column":null}},"195":{"start":{"line":450,"column":4},"end":{"line":450,"column":55}},"196":{"start":{"line":452,"column":2},"end":{"line":452,"column":28}},"197":{"start":{"line":448,"column":0},"end":{"line":448,"column":16}},"198":{"start":{"line":456,"column":2},"end":{"line":460,"column":null}},"199":{"start":{"line":457,"column":4},"end":{"line":457,"column":57}},"200":{"start":{"line":459,"column":4},"end":{"line":459,"column":31}},"201":{"start":{"line":455,"column":0},"end":{"line":455,"column":16}},"202":{"start":{"line":464,"column":2},"end":{"line":464,"column":29}},"203":{"start":{"line":465,"column":2},"end":{"line":465,"column":32}},"204":{"start":{"line":463,"column":0},"end":{"line":463,"column":16}},"205":{"start":{"line":469,"column":15},"end":{"line":469,"column":44}},"206":{"start":{"line":470,"column":2},"end":{"line":470,"column":15}},"207":{"start":{"line":471,"column":2},"end":{"line":471,"column":14}},"208":{"start":{"line":468,"column":0},"end":{"line":468,"column":16}},"209":{"start":{"line":475,"column":14},"end":{"line":475,"column":15}},"210":{"start":{"line":476,"column":2},"end":{"line":478,"column":null}},"211":{"start":{"line":477,"column":4},"end":{"line":477,"column":12}},"212":{"start":{"line":479,"column":2},"end":{"line":479,"column":15}},"213":{"start":{"line":474,"column":0},"end":{"line":474,"column":16}},"214":{"start":{"line":482,"column":2},"end":{"line":482,"column":29}},"215":{"start":{"line":481,"column":0},"end":{"line":481,"column":16}},"216":{"start":{"line":485,"column":2},"end":{"line":485,"column":65}},"217":{"start":{"line":485,"column":30},"end":{"line":485,"column":65}},"218":{"start":{"line":486,"column":2},"end":{"line":486,"column":44}},"219":{"start":{"line":486,"column":26},"end":{"line":486,"column":44}},"220":{"start":{"line":487,"column":2},"end":{"line":487,"column":43}},"221":{"start":{"line":487,"column":33},"end":{"line":487,"column":43}},"222":{"start":{"line":488,"column":2},"end":{"line":488,"column":14}},"223":{"start":{"line":484,"column":0},"end":{"line":484,"column":16}},"224":{"start":{"line":491,"column":19},"end":{"line":491,"column":37}},"225":{"start":{"line":492,"column":15},"end":{"line":492,"column":17}},"226":{"start":{"line":493,"column":8},"end":{"line":493,"column":25}},"227":{"start":{"line":495,"column":2},"end":{"line":499,"column":null}},"228":{"start":{"line":496,"column":4},"end":{"line":498,"column":null}},"229":{"start":{"line":497,"column":6},"end":{"line":497,"column":38}},"230":{"start":{"line":501,"column":2},"end":{"line":501,"column":18}},"231":{"start":{"line":490,"column":0},"end":{"line":490,"column":16}},"232":{"start":{"line":504,"column":83},"end":{"line":516,"column":2}},"233":{"start":{"line":506,"column":4},"end":{"line":511,"column":6}},"234":{"start":{"line":509,"column":8},"end":{"line":509,"column":39}},"235":{"start":{"line":514,"column":4},"end":{"line":514,"column":67}},"236":{"start":{"line":524,"column":13},"end":{"line":550,"column":13}},"237":{"start":{"line":528,"column":22},"end":{"line":528,"column":34}},"238":{"start":{"line":529,"column":17},"end":{"line":534,"column":7}},"239":{"start":{"line":530,"column":8},"end":{"line":532,"column":null}},"240":{"start":{"line":531,"column":10},"end":{"line":531,"column":56}},"241":{"start":{"line":533,"column":8},"end":{"line":533,"column":38}},"242":{"start":{"line":536,"column":6},"end":{"line":545,"column":9}},"243":{"start":{"line":538,"column":10},"end":{"line":543,"column":12}},"244":{"start":{"line":539,"column":12},"end":{"line":541,"column":null}},"245":{"start":{"line":540,"column":14},"end":{"line":540,"column":59}},"246":{"start":{"line":542,"column":12},"end":{"line":542,"column":48}},"247":{"start":{"line":547,"column":6},"end":{"line":547,"column":16}}},"fnMap":{"0":{"name":"attached","decl":{"start":{"line":20,"column":16},"end":{"line":20,"column":24}},"loc":{"start":{"line":20,"column":24},"end":{"line":22,"column":1}}},"1":{"name":"(anonymous_1)","decl":{"start":{"line":40,"column":2},"end":{"line":40,"column":6}},"loc":{"start":{"line":40,"column":14},"end":{"line":42,"column":3}}},"2":{"name":"(anonymous_2)","decl":{"start":{"line":44,"column":2},"end":{"line":44,"column":6}},"loc":{"start":{"line":44,"column":11},"end":{"line":46,"column":3}}},"3":{"name":"(anonymous_3)","decl":{"start":{"line":48,"column":2},"end":{"line":48,"column":6}},"loc":{"start":{"line":48,"column":8},"end":{"line":50,"column":3}}},"4":{"name":"(anonymous_4)","decl":{"start":{"line":52,"column":2},"end":{"line":52,"column":7}},"loc":{"start":{"line":52,"column":18},"end":{"line":55,"column":3}}},"5":{"name":"(anonymous_5)","decl":{"start":{"line":57,"column":2},"end":{"line":57,"column":10}},"loc":{"start":{"line":57,"column":27},"end":{"line":60,"column":3}}},"6":{"name":"(anonymous_6)","decl":{"start":{"line":62,"column":2},"end":{"line":62,"column":14}},"loc":{"start":{"line":62,"column":98},"end":{"line":82,"column":3}}},"7":{"name":"(anonymous_7)","decl":{"start":{"line":85,"column":2},"end":{"line":85,"column":13}},"loc":{"start":{"line":85,"column":35},"end":{"line":89,"column":3}}},"8":{"name":"(anonymous_8)","decl":{"start":{"line":91,"column":2},"end":{"line":91,"column":8}},"loc":{"start":{"line":91,"column":33},"end":{"line":96,"column":3}}},"9":{"name":"(anonymous_9)","decl":{"start":{"line":99,"column":2},"end":{"line":99,"column":9}},"loc":{"start":{"line":99,"column":83},"end":{"line":103,"column":3}}},"10":{"name":"(anonymous_10)","decl":{"start":{"line":100,"column":23},"end":{"line":100,"column":24}},"loc":{"start":{"line":100,"column":37},"end":{"line":100,"column":61}}},"11":{"name":"(anonymous_11)","decl":{"start":{"line":105,"column":2},"end":{"line":105,"column":6}},"loc":{"start":{"line":105,"column":95},"end":{"line":113,"column":3}}},"12":{"name":"(anonymous_12)","decl":{"start":{"line":106,"column":21},"end":{"line":106,"column":22}},"loc":{"start":{"line":106,"column":31},"end":{"line":109,"column":5}}},"13":{"name":"(anonymous_13)","decl":{"start":{"line":115,"column":2},"end":{"line":115,"column":9}},"loc":{"start":{"line":115,"column":98},"end":{"line":117,"column":3}}},"14":{"name":"(anonymous_14)","decl":{"start":{"line":119,"column":2},"end":{"line":119,"column":6}},"loc":{"start":{"line":119,"column":6},"end":{"line":123,"column":3}}},"15":{"name":"(anonymous_15)","decl":{"start":{"line":125,"column":2},"end":{"line":125,"column":6}},"loc":{"start":{"line":125,"column":6},"end":{"line":128,"column":3}}},"16":{"name":"(anonymous_16)","decl":{"start":{"line":131,"column":2},"end":{"line":131,"column":8}},"loc":{"start":{"line":131,"column":49},"end":{"line":142,"column":3}}},"17":{"name":"(anonymous_17)","decl":{"start":{"line":132,"column":23},"end":{"line":132,"column":24}},"loc":{"start":{"line":132,"column":38},"end":{"line":137,"column":5}}},"18":{"name":"(anonymous_18)","decl":{"start":{"line":145,"column":2},"end":{"line":145,"column":11}},"loc":{"start":{"line":145,"column":52},"end":{"line":156,"column":3}}},"19":{"name":"(anonymous_19)","decl":{"start":{"line":146,"column":23},"end":{"line":146,"column":24}},"loc":{"start":{"line":146,"column":38},"end":{"line":151,"column":5}}},"20":{"name":"(anonymous_20)","decl":{"start":{"line":159,"column":2},"end":{"line":159,"column":9}},"loc":{"start":{"line":159,"column":59},"end":{"line":165,"column":3}}},"21":{"name":"(anonymous_21)","decl":{"start":{"line":162,"column":6},"end":{"line":162,"column":9}},"loc":{"start":{"line":162,"column":12},"end":{"line":162,"column":37}}},"22":{"name":"(anonymous_22)","decl":{"start":{"line":163,"column":6},"end":{"line":163,"column":9}},"loc":{"start":{"line":163,"column":12},"end":{"line":163,"column":36}}},"23":{"name":"(anonymous_23)","decl":{"start":{"line":168,"column":2},"end":{"line":168,"column":12}},"loc":{"start":{"line":168,"column":62},"end":{"line":174,"column":3}}},"24":{"name":"(anonymous_24)","decl":{"start":{"line":171,"column":6},"end":{"line":171,"column":9}},"loc":{"start":{"line":171,"column":12},"end":{"line":171,"column":37}}},"25":{"name":"(anonymous_25)","decl":{"start":{"line":172,"column":6},"end":{"line":172,"column":9}},"loc":{"start":{"line":172,"column":12},"end":{"line":172,"column":36}}},"26":{"name":"(anonymous_26)","decl":{"start":{"line":177,"column":2},"end":{"line":177,"column":8}},"loc":{"start":{"line":177,"column":70},"end":{"line":183,"column":3}}},"27":{"name":"(anonymous_27)","decl":{"start":{"line":180,"column":6},"end":{"line":180,"column":9}},"loc":{"start":{"line":180,"column":12},"end":{"line":180,"column":37}}},"28":{"name":"(anonymous_28)","decl":{"start":{"line":181,"column":6},"end":{"line":181,"column":9}},"loc":{"start":{"line":181,"column":12},"end":{"line":181,"column":29}}},"29":{"name":"(anonymous_29)","decl":{"start":{"line":186,"column":2},"end":{"line":186,"column":11}},"loc":{"start":{"line":186,"column":73},"end":{"line":192,"column":3}}},"30":{"name":"(anonymous_30)","decl":{"start":{"line":189,"column":6},"end":{"line":189,"column":9}},"loc":{"start":{"line":189,"column":12},"end":{"line":189,"column":37}}},"31":{"name":"(anonymous_31)","decl":{"start":{"line":190,"column":6},"end":{"line":190,"column":9}},"loc":{"start":{"line":190,"column":12},"end":{"line":190,"column":29}}},"32":{"name":"(anonymous_32)","decl":{"start":{"line":195,"column":2},"end":{"line":195,"column":11}},"loc":{"start":{"line":195,"column":39},"end":{"line":197,"column":3}}},"33":{"name":"(anonymous_33)","decl":{"start":{"line":200,"column":2},"end":{"line":200,"column":14}},"loc":{"start":{"line":200,"column":42},"end":{"line":202,"column":3}}},"34":{"name":"(anonymous_34)","decl":{"start":{"line":204,"column":2},"end":{"line":204,"column":8}},"loc":{"start":{"line":207,"column":76},"end":{"line":211,"column":3}}},"35":{"name":"(anonymous_35)","decl":{"start":{"line":209,"column":16},"end":{"line":209,"column":17}},"loc":{"start":{"line":209,"column":32},"end":{"line":209,"column":58}}},"36":{"name":"(anonymous_36)","decl":{"start":{"line":213,"column":2},"end":{"line":213,"column":6}},"loc":{"start":{"line":213,"column":11},"end":{"line":216,"column":3}}},"37":{"name":"(anonymous_37)","decl":{"start":{"line":218,"column":2},"end":{"line":218,"column":8}},"loc":{"start":{"line":218,"column":26},"end":{"line":247,"column":3}}},"38":{"name":"(anonymous_38)","decl":{"start":{"line":249,"column":2},"end":{"line":249,"column":10}},"loc":{"start":{"line":249,"column":34},"end":{"line":252,"column":3}}},"39":{"name":"(anonymous_39)","decl":{"start":{"line":254,"column":2},"end":{"line":254,"column":11}},"loc":{"start":{"line":254,"column":29},"end":{"line":257,"column":3}}},"40":{"name":"(anonymous_40)","decl":{"start":{"line":259,"column":2},"end":{"line":259,"column":9}},"loc":{"start":{"line":259,"column":33},"end":{"line":264,"column":3}}},"41":{"name":"(anonymous_41)","decl":{"start":{"line":266,"column":2},"end":{"line":266,"column":10}},"loc":{"start":{"line":266,"column":34},"end":{"line":273,"column":3}}},"42":{"name":"(anonymous_42)","decl":{"start":{"line":275,"column":2},"end":{"line":275,"column":14}},"loc":{"start":{"line":275,"column":56},"end":{"line":278,"column":3}}},"43":{"name":"(anonymous_43)","decl":{"start":{"line":280,"column":2},"end":{"line":280,"column":10}},"loc":{"start":{"line":280,"column":75},"end":{"line":283,"column":3}}},"44":{"name":"(anonymous_44)","decl":{"start":{"line":285,"column":2},"end":{"line":285,"column":10}},"loc":{"start":{"line":285,"column":27},"end":{"line":290,"column":3}}},"45":{"name":"(anonymous_45)","decl":{"start":{"line":292,"column":2},"end":{"line":292,"column":9}},"loc":{"start":{"line":292,"column":33},"end":{"line":297,"column":3}}},"46":{"name":"(anonymous_46)","decl":{"start":{"line":299,"column":2},"end":{"line":299,"column":10}},"loc":{"start":{"line":299,"column":30},"end":{"line":306,"column":3}}},"47":{"name":"(anonymous_47)","decl":{"start":{"line":308,"column":2},"end":{"line":308,"column":10}},"loc":{"start":{"line":308,"column":41},"end":{"line":313,"column":3}}},"48":{"name":"(anonymous_48)","decl":{"start":{"line":315,"column":2},"end":{"line":315,"column":9}},"loc":{"start":{"line":315,"column":36},"end":{"line":319,"column":3}}},"49":{"name":"(anonymous_49)","decl":{"start":{"line":321,"column":2},"end":{"line":321,"column":8}},"loc":{"start":{"line":321,"column":27},"end":{"line":327,"column":3}}},"50":{"name":"(anonymous_50)","decl":{"start":{"line":329,"column":2},"end":{"line":329,"column":9}},"loc":{"start":{"line":329,"column":27},"end":{"line":336,"column":3}}},"51":{"name":"(anonymous_51)","decl":{"start":{"line":338,"column":2},"end":{"line":338,"column":9}},"loc":{"start":{"line":338,"column":22},"end":{"line":340,"column":3}}},"52":{"name":"(anonymous_52)","decl":{"start":{"line":342,"column":2},"end":{"line":342,"column":4}},"loc":{"start":{"line":342,"column":115},"end":{"line":349,"column":3}}},"53":{"name":"(anonymous_53)","decl":{"start":{"line":344,"column":45},"end":{"line":344,"column":46}},"loc":{"start":{"line":344,"column":77},"end":{"line":346,"column":7}}},"54":{"name":"(anonymous_54)","decl":{"start":{"line":351,"column":2},"end":{"line":351,"column":6}},"loc":{"start":{"line":351,"column":117},"end":{"line":361,"column":3}}},"55":{"name":"(anonymous_55)","decl":{"start":{"line":353,"column":23},"end":{"line":353,"column":24}},"loc":{"start":{"line":353,"column":55},"end":{"line":356,"column":7}}},"56":{"name":"(anonymous_56)","decl":{"start":{"line":363,"column":2},"end":{"line":363,"column":9}},"loc":{"start":{"line":363,"column":50},"end":{"line":365,"column":3}}},"57":{"name":"(anonymous_57)","decl":{"start":{"line":367,"column":2},"end":{"line":367,"column":12}},"loc":{"start":{"line":367,"column":70},"end":{"line":377,"column":3}}},"58":{"name":"(anonymous_58)","decl":{"start":{"line":369,"column":33},"end":{"line":369,"column":34}},"loc":{"start":{"line":369,"column":44},"end":{"line":373,"column":7}}},"59":{"name":"(anonymous_59)","decl":{"start":{"line":379,"column":2},"end":{"line":379,"column":9}},"loc":{"start":{"line":379,"column":45},"end":{"line":381,"column":3}}},"60":{"name":"(anonymous_60)","decl":{"start":{"line":383,"column":2},"end":{"line":383,"column":10}},"loc":{"start":{"line":383,"column":52},"end":{"line":385,"column":3}}},"61":{"name":"(anonymous_61)","decl":{"start":{"line":387,"column":2},"end":{"line":387,"column":8}},"loc":{"start":{"line":387,"column":8},"end":{"line":390,"column":3}}},"62":{"name":"(anonymous_62)","decl":{"start":{"line":392,"column":2},"end":{"line":392,"column":7}},"loc":{"start":{"line":392,"column":7},"end":{"line":397,"column":3}}},"63":{"name":"(anonymous_63)","decl":{"start":{"line":399,"column":2},"end":{"line":399,"column":9}},"loc":{"start":{"line":399,"column":9},"end":{"line":403,"column":3}}},"64":{"name":"(anonymous_64)","decl":{"start":{"line":405,"column":2},"end":{"line":405,"column":8}},"loc":{"start":{"line":405,"column":8},"end":{"line":408,"column":3}}},"65":{"name":"(anonymous_65)","decl":{"start":{"line":410,"column":2},"end":{"line":410,"column":13}},"loc":{"start":{"line":410,"column":31},"end":{"line":416,"column":3}}},"66":{"name":"(anonymous_66)","decl":{"start":{"line":418,"column":2},"end":{"line":418,"column":3}},"loc":{"start":{"line":418,"column":12},"end":{"line":423,"column":3}}},"67":{"name":"(anonymous_67)","decl":{"start":{"line":425,"column":2},"end":{"line":425,"column":6}},"loc":{"start":{"line":425,"column":41},"end":{"line":432,"column":3}}},"68":{"name":"(anonymous_68)","decl":{"start":{"line":434,"column":10},"end":{"line":434,"column":34}},"loc":{"start":{"line":434,"column":46},"end":{"line":441,"column":3}}},"69":{"name":"tag","decl":{"start":{"line":444,"column":16},"end":{"line":444,"column":19}},"loc":{"start":{"line":444,"column":99},"end":{"line":446,"column":1}}},"70":{"name":"attach","decl":{"start":{"line":448,"column":16},"end":{"line":448,"column":22}},"loc":{"start":{"line":448,"column":32},"end":{"line":453,"column":1}}},"71":{"name":"detach","decl":{"start":{"line":455,"column":16},"end":{"line":455,"column":22}},"loc":{"start":{"line":455,"column":22},"end":{"line":461,"column":1}}},"72":{"name":"detachAll","decl":{"start":{"line":463,"column":16},"end":{"line":463,"column":25}},"loc":{"start":{"line":463,"column":25},"end":{"line":466,"column":1}}},"73":{"name":"init","decl":{"start":{"line":468,"column":16},"end":{"line":468,"column":20}},"loc":{"start":{"line":468,"column":65},"end":{"line":472,"column":1}}},"74":{"name":"getElementIndex","decl":{"start":{"line":474,"column":16},"end":{"line":474,"column":31}},"loc":{"start":{"line":474,"column":45},"end":{"line":480,"column":1}}},"75":{"name":"isSelector","decl":{"start":{"line":481,"column":16},"end":{"line":481,"column":26}},"loc":{"start":{"line":481,"column":38},"end":{"line":483,"column":1}}},"76":{"name":"getElementForChild","decl":{"start":{"line":484,"column":16},"end":{"line":484,"column":34}},"loc":{"start":{"line":484,"column":47},"end":{"line":489,"column":1}}},"77":{"name":"getElementChildren","decl":{"start":{"line":490,"column":16},"end":{"line":490,"column":34}},"loc":{"start":{"line":490,"column":55},"end":{"line":502,"column":1}}},"78":{"name":"(anonymous_78)","decl":{"start":{"line":505,"column":6},"end":{"line":505,"column":7}},"loc":{"start":{"line":505,"column":57},"end":{"line":512,"column":3}}},"79":{"name":"(anonymous_79)","decl":{"start":{"line":508,"column":19},"end":{"line":508,"column":20}},"loc":{"start":{"line":508,"column":26},"end":{"line":510,"column":7}}},"80":{"name":"(anonymous_80)","decl":{"start":{"line":513,"column":9},"end":{"line":513,"column":10}},"loc":{"start":{"line":513,"column":57},"end":{"line":515,"column":3}}},"81":{"name":"(anonymous_81)","decl":{"start":{"line":527,"column":9},"end":{"line":527,"column":10}},"loc":{"start":{"line":527,"column":21},"end":{"line":548,"column":5}}},"82":{"name":"(anonymous_82)","decl":{"start":{"line":529,"column":17},"end":{"line":529,"column":18}},"loc":{"start":{"line":529,"column":40},"end":{"line":534,"column":7}}},"83":{"name":"(anonymous_83)","decl":{"start":{"line":537,"column":13},"end":{"line":537,"column":16}},"loc":{"start":{"line":537,"column":18},"end":{"line":544,"column":9}}},"84":{"name":"(anonymous_84)","decl":{"start":{"line":538,"column":17},"end":{"line":538,"column":18}},"loc":{"start":{"line":538,"column":40},"end":{"line":543,"column":11}}}},"branchMap":{"0":{"loc":{"start":{"line":62,"column":43},"end":{"line":62,"column":69}},"type":"default-arg","locations":[{"start":{"line":62,"column":67},"end":{"line":62,"column":69}}]},"1":{"loc":{"start":{"line":62,"column":71},"end":{"line":62,"column":98}},"type":"default-arg","locations":[{"start":{"line":62,"column":93},"end":{"line":62,"column":98}}]},"2":{"loc":{"start":{"line":65,"column":4},"end":{"line":75,"column":null}},"type":"if","locations":[{"start":{"line":65,"column":4},"end":{"line":75,"column":null}},{"start":{"line":68,"column":11},"end":{"line":75,"column":null}}]},"3":{"loc":{"start":{"line":65,"column":8},"end":{"line":65,"column":51}},"type":"binary-expr","locations":[{"start":{"line":65,"column":8},"end":{"line":65,"column":31}},{"start":{"line":65,"column":35},"end":{"line":65,"column":51}}]},"4":{"loc":{"start":{"line":68,"column":11},"end":{"line":75,"column":null}},"type":"if","locations":[{"start":{"line":68,"column":11},"end":{"line":75,"column":null}},{"start":{"line":70,"column":11},"end":{"line":75,"column":null}}]},"5":{"loc":{"start":{"line":70,"column":11},"end":{"line":75,"column":null}},"type":"if","locations":[{"start":{"line":70,"column":11},"end":{"line":75,"column":null}},{"start":{"line":73,"column":11},"end":{"line":75,"column":null}}]},"6":{"loc":{"start":{"line":77,"column":4},"end":{"line":77,"column":56}},"type":"if","locations":[{"start":{"line":77,"column":4},"end":{"line":77,"column":56}}]},"7":{"loc":{"start":{"line":79,"column":4},"end":{"line":81,"column":null}},"type":"if","locations":[{"start":{"line":79,"column":4},"end":{"line":81,"column":null}}]},"8":{"loc":{"start":{"line":79,"column":8},"end":{"line":79,"column":46}},"type":"binary-expr","locations":[{"start":{"line":79,"column":8},"end":{"line":79,"column":27}},{"start":{"line":79,"column":31},"end":{"line":79,"column":46}}]},"9":{"loc":{"start":{"line":107,"column":6},"end":{"line":108,"column":26}},"type":"if","locations":[{"start":{"line":107,"column":6},"end":{"line":108,"column":26}},{"start":{"line":108,"column":11},"end":{"line":108,"column":26}}]},"10":{"loc":{"start":{"line":120,"column":4},"end":{"line":120,"column":35}},"type":"if","locations":[{"start":{"line":120,"column":4},"end":{"line":120,"column":35}}]},"11":{"loc":{"start":{"line":134,"column":6},"end":{"line":134,"column":31}},"type":"if","locations":[{"start":{"line":134,"column":6},"end":{"line":134,"column":31}}]},"12":{"loc":{"start":{"line":135,"column":6},"end":{"line":136,"column":23}},"type":"if","locations":[{"start":{"line":135,"column":6},"end":{"line":136,"column":23}},{"start":{"line":136,"column":11},"end":{"line":136,"column":23}}]},"13":{"loc":{"start":{"line":148,"column":6},"end":{"line":148,"column":31}},"type":"if","locations":[{"start":{"line":148,"column":6},"end":{"line":148,"column":31}}]},"14":{"loc":{"start":{"line":149,"column":6},"end":{"line":150,"column":23}},"type":"if","locations":[{"start":{"line":149,"column":6},"end":{"line":150,"column":23}},{"start":{"line":150,"column":11},"end":{"line":150,"column":23}}]},"15":{"loc":{"start":{"line":177,"column":52},"end":{"line":177,"column":70}},"type":"default-arg","locations":[{"start":{"line":177,"column":68},"end":{"line":177,"column":70}}]},"16":{"loc":{"start":{"line":186,"column":55},"end":{"line":186,"column":73}},"type":"default-arg","locations":[{"start":{"line":186,"column":71},"end":{"line":186,"column":73}}]},"17":{"loc":{"start":{"line":219,"column":4},"end":{"line":221,"column":null}},"type":"if","locations":[{"start":{"line":219,"column":4},"end":{"line":221,"column":null}}]},"18":{"loc":{"start":{"line":222,"column":4},"end":{"line":224,"column":null}},"type":"if","locations":[{"start":{"line":222,"column":4},"end":{"line":224,"column":null}}]},"19":{"loc":{"start":{"line":225,"column":4},"end":{"line":227,"column":null}},"type":"if","locations":[{"start":{"line":225,"column":4},"end":{"line":227,"column":null}}]},"20":{"loc":{"start":{"line":228,"column":4},"end":{"line":230,"column":null}},"type":"if","locations":[{"start":{"line":228,"column":4},"end":{"line":230,"column":null}}]},"21":{"loc":{"start":{"line":231,"column":4},"end":{"line":233,"column":null}},"type":"if","locations":[{"start":{"line":231,"column":4},"end":{"line":233,"column":null}}]},"22":{"loc":{"start":{"line":234,"column":4},"end":{"line":236,"column":null}},"type":"if","locations":[{"start":{"line":234,"column":4},"end":{"line":236,"column":null}}]},"23":{"loc":{"start":{"line":237,"column":4},"end":{"line":239,"column":null}},"type":"if","locations":[{"start":{"line":237,"column":4},"end":{"line":239,"column":null}}]},"24":{"loc":{"start":{"line":240,"column":4},"end":{"line":244,"column":null}},"type":"if","locations":[{"start":{"line":240,"column":4},"end":{"line":244,"column":null}}]},"25":{"loc":{"start":{"line":268,"column":6},"end":{"line":270,"column":null}},"type":"if","locations":[{"start":{"line":268,"column":6},"end":{"line":270,"column":null}}]},"26":{"loc":{"start":{"line":301,"column":6},"end":{"line":303,"column":null}},"type":"if","locations":[{"start":{"line":301,"column":6},"end":{"line":303,"column":null}}]},"27":{"loc":{"start":{"line":331,"column":6},"end":{"line":333,"column":null}},"type":"if","locations":[{"start":{"line":331,"column":6},"end":{"line":333,"column":null}}]},"28":{"loc":{"start":{"line":343,"column":4},"end":{"line":347,"column":null}},"type":"if","locations":[{"start":{"line":343,"column":4},"end":{"line":347,"column":null}}]},"29":{"loc":{"start":{"line":352,"column":4},"end":{"line":359,"column":null}},"type":"if","locations":[{"start":{"line":352,"column":4},"end":{"line":359,"column":null}}]},"30":{"loc":{"start":{"line":368,"column":4},"end":{"line":374,"column":null}},"type":"if","locations":[{"start":{"line":368,"column":4},"end":{"line":374,"column":null}}]},"31":{"loc":{"start":{"line":370,"column":8},"end":{"line":372,"column":null}},"type":"if","locations":[{"start":{"line":370,"column":8},"end":{"line":372,"column":null}}]},"32":{"loc":{"start":{"line":370,"column":12},"end":{"line":370,"column":45}},"type":"binary-expr","locations":[{"start":{"line":370,"column":12},"end":{"line":370,"column":27}},{"start":{"line":370,"column":31},"end":{"line":370,"column":45}}]},"33":{"loc":{"start":{"line":411,"column":4},"end":{"line":415,"column":null}},"type":"if","locations":[{"start":{"line":411,"column":4},"end":{"line":415,"column":null}},{"start":{"line":413,"column":11},"end":{"line":415,"column":null}}]},"34":{"loc":{"start":{"line":420,"column":4},"end":{"line":422,"column":null}},"type":"if","locations":[{"start":{"line":420,"column":4},"end":{"line":422,"column":null}}]},"35":{"loc":{"start":{"line":428,"column":6},"end":{"line":428,"column":71}},"type":"if","locations":[{"start":{"line":428,"column":6},"end":{"line":428,"column":71}}]},"36":{"loc":{"start":{"line":435,"column":4},"end":{"line":435,"column":49}},"type":"if","locations":[{"start":{"line":435,"column":4},"end":{"line":435,"column":49}}]},"37":{"loc":{"start":{"line":436,"column":4},"end":{"line":439,"column":null}},"type":"if","locations":[{"start":{"line":436,"column":4},"end":{"line":439,"column":null}}]},"38":{"loc":{"start":{"line":436,"column":8},"end":{"line":436,"column":54}},"type":"binary-expr","locations":[{"start":{"line":436,"column":8},"end":{"line":436,"column":28}},{"start":{"line":436,"column":32},"end":{"line":436,"column":54}}]},"39":{"loc":{"start":{"line":444,"column":48},"end":{"line":444,"column":74}},"type":"default-arg","locations":[{"start":{"line":444,"column":72},"end":{"line":444,"column":74}}]},"40":{"loc":{"start":{"line":444,"column":76},"end":{"line":444,"column":99}},"type":"default-arg","locations":[{"start":{"line":444,"column":94},"end":{"line":444,"column":99}}]},"41":{"loc":{"start":{"line":449,"column":2},"end":{"line":451,"column":null}},"type":"if","locations":[{"start":{"line":449,"column":2},"end":{"line":451,"column":null}}]},"42":{"loc":{"start":{"line":456,"column":2},"end":{"line":460,"column":null}},"type":"if","locations":[{"start":{"line":456,"column":2},"end":{"line":460,"column":null}},{"start":{"line":458,"column":9},"end":{"line":460,"column":null}}]},"43":{"loc":{"start":{"line":468,"column":21},"end":{"line":468,"column":65}},"type":"default-arg","locations":[{"start":{"line":468,"column":49},"end":{"line":468,"column":65}}]},"44":{"loc":{"start":{"line":485,"column":2},"end":{"line":485,"column":65}},"type":"if","locations":[{"start":{"line":485,"column":2},"end":{"line":485,"column":65}}]},"45":{"loc":{"start":{"line":486,"column":2},"end":{"line":486,"column":44}},"type":"if","locations":[{"start":{"line":486,"column":2},"end":{"line":486,"column":44}}]},"46":{"loc":{"start":{"line":487,"column":2},"end":{"line":487,"column":43}},"type":"if","locations":[{"start":{"line":487,"column":2},"end":{"line":487,"column":43}}]},"47":{"loc":{"start":{"line":496,"column":4},"end":{"line":498,"column":null}},"type":"if","locations":[{"start":{"line":496,"column":4},"end":{"line":498,"column":null}}]},"48":{"loc":{"start":{"line":505,"column":30},"end":{"line":505,"column":53}},"type":"default-arg","locations":[{"start":{"line":505,"column":48},"end":{"line":505,"column":53}}]},"49":{"loc":{"start":{"line":513,"column":30},"end":{"line":513,"column":53}},"type":"default-arg","locations":[{"start":{"line":513,"column":48},"end":{"line":513,"column":53}}]},"50":{"loc":{"start":{"line":530,"column":8},"end":{"line":532,"column":null}},"type":"if","locations":[{"start":{"line":530,"column":8},"end":{"line":532,"column":null}}]},"51":{"loc":{"start":{"line":539,"column":12},"end":{"line":541,"column":null}},"type":"if","locations":[{"start":{"line":539,"column":12},"end":{"line":541,"column":null}}]}},"s":{"0":4,"1":4,"2":11,"3":4,"4":7,"5":3,"6":2,"7":4,"8":4,"9":2,"10":2,"11":293,"12":293,"13":293,"14":293,"15":293,"16":10,"17":10,"18":283,"19":278,"20":5,"21":5,"22":5,"23":0,"24":293,"25":14,"26":293,"27":114,"28":14,"29":125,"30":125,"31":1,"32":1,"33":1,"34":1,"35":4,"36":8,"37":4,"38":4,"39":4,"40":4,"41":4,"42":2,"43":3,"44":0,"45":3,"46":3,"47":3,"48":3,"49":1,"50":1,"51":1,"52":0,"53":1,"54":1,"55":0,"56":1,"57":1,"58":1,"59":2,"60":3,"61":3,"62":0,"63":3,"64":1,"65":2,"66":2,"67":2,"68":2,"69":1,"70":1,"71":1,"72":1,"73":1,"74":1,"75":1,"76":1,"77":1,"78":1,"79":1,"80":1,"81":1,"82":1,"83":1,"84":1,"85":1,"86":2,"87":2,"88":7,"89":1,"90":7,"91":1,"92":7,"93":3,"94":7,"95":1,"96":7,"97":1,"98":7,"99":1,"100":7,"101":1,"102":7,"103":1,"104":1,"105":7,"106":3,"107":3,"108":4,"109":4,"110":3,"111":3,"112":3,"113":9,"114":9,"115":4,"116":5,"117":1,"118":1,"119":3,"120":3,"121":1,"122":1,"123":1,"124":1,"125":1,"126":1,"127":4,"128":4,"129":2,"130":2,"131":1,"132":1,"133":1,"134":7,"135":7,"136":7,"137":4,"138":4,"139":4,"140":4,"141":10,"142":10,"143":5,"144":5,"145":1,"146":8,"147":8,"148":8,"149":8,"150":1,"151":1,"152":1,"153":1,"154":1,"155":1,"156":1,"157":3,"158":2,"159":2,"160":1,"161":1,"162":1,"163":1,"164":4,"165":4,"166":1,"167":1,"168":1,"169":1,"170":1,"171":1,"172":1,"173":1,"174":2,"175":1,"176":1,"177":5,"178":5,"179":3,"180":2,"181":2,"182":2,"183":1,"184":1,"185":141,"186":128,"187":141,"188":1,"189":1,"190":140,"191":4,"192":288,"193":4,"194":7,"195":3,"196":7,"197":4,"198":2,"199":1,"200":1,"201":4,"202":1,"203":1,"204":4,"205":2,"206":2,"207":2,"208":4,"209":5,"210":5,"211":3,"212":5,"213":4,"214":288,"215":4,"216":140,"217":13,"218":127,"219":127,"220":0,"221":0,"222":0,"223":4,"224":7,"225":7,"226":7,"227":7,"228":6,"229":6,"230":7,"231":4,"232":4,"233":3,"234":1,"235":2,"236":4,"237":467,"238":467,"239":115,"240":3,"241":112,"242":467,"243":114,"244":114,"245":2,"246":112,"247":467},"f":{"0":11,"1":7,"2":3,"3":2,"4":4,"5":2,"6":293,"7":14,"8":125,"9":1,"10":1,"11":4,"12":8,"13":2,"14":3,"15":3,"16":1,"17":1,"18":2,"19":3,"20":1,"21":1,"22":1,"23":1,"24":1,"25":1,"26":1,"27":1,"28":1,"29":1,"30":1,"31":1,"32":1,"33":1,"34":1,"35":1,"36":2,"37":7,"38":3,"39":4,"40":3,"41":9,"42":1,"43":3,"44":1,"45":1,"46":4,"47":1,"48":7,"49":4,"50":10,"51":1,"52":8,"53":8,"54":1,"55":1,"56":1,"57":3,"58":2,"59":1,"60":1,"61":4,"62":1,"63":1,"64":1,"65":2,"66":5,"67":2,"68":141,"69":288,"70":7,"71":2,"72":1,"73":2,"74":5,"75":288,"76":140,"77":7,"78":3,"79":1,"80":2,"81":467,"82":115,"83":114,"84":114},"b":{"0":[5],"1":[5],"2":[10,283],"3":[293,288],"4":[278,5],"5":[5,0],"6":[14],"7":[114],"8":[293,261],"9":[4,4],"10":[0],"11":[0],"12":[1,0],"13":[0],"14":[1,2],"15":[1],"16":[1],"17":[1],"18":[1],"19":[3],"20":[1],"21":[1],"22":[1],"23":[1],"24":[1],"25":[4],"26":[2],"27":[5],"28":[8],"29":[1],"30":[2],"31":[1],"32":[2,2],"33":[1,1],"34":[3],"35":[1],"36":[128],"37":[1],"38":[141,128],"39":[48],"40":[172],"41":[3],"42":[1,1],"43":[1],"44":[13],"45":[127],"46":[0],"47":[6],"48":[0],"49":[0],"50":[3],"51":[2]}}
,"/Users/keff_work/Documents/dev/self/libs/npm/cardboard-js/src/util.ts": {"path":"/Users/keff_work/Documents/dev/self/libs/npm/cardboard-js/src/util.ts","statementMap":{"0":{"start":{"line":6,"column":14},"end":{"line":6,"column":27}},"1":{"start":{"line":7,"column":2},"end":{"line":7,"column":38}},"2":{"start":{"line":8,"column":2},"end":{"line":8,"column":34}},"3":{"start":{"line":9,"column":2},"end":{"line":9,"column":48}},"4":{"start":{"line":10,"column":2},"end":{"line":10,"column":22}},"5":{"start":{"line":5,"column":0},"end":{"line":5,"column":16}},"6":{"start":{"line":13,"column":35},"end":{"line":13,"column":74}},"7":{"start":{"line":13,"column":52},"end":{"line":13,"column":74}},"8":{"start":{"line":13,"column":13},"end":{"line":13,"column":35}},"9":{"start":{"line":14,"column":26},"end":{"line":14,"column":51}},"10":{"start":{"line":14,"column":32},"end":{"line":14,"column":51}},"11":{"start":{"line":14,"column":13},"end":{"line":14,"column":26}},"12":{"start":{"line":15,"column":27},"end":{"line":15,"column":93}},"13":{"start":{"line":15,"column":36},"end":{"line":15,"column":93}},"14":{"start":{"line":15,"column":69},"end":{"line":15,"column":92}},"15":{"start":{"line":15,"column":13},"end":{"line":15,"column":27}},"16":{"start":{"line":16,"column":27},"end":{"line":16,"column":106}},"17":{"start":{"line":16,"column":36},"end":{"line":16,"column":106}},"18":{"start":{"line":16,"column":71},"end":{"line":16,"column":105}},"19":{"start":{"line":16,"column":13},"end":{"line":16,"column":27}},"20":{"start":{"line":18,"column":2},"end":{"line":18,"column":60}},"21":{"start":{"line":17,"column":0},"end":{"line":17,"column":16}},"22":{"start":{"line":20,"column":11},"end":{"line":20,"column":80}},"23":{"start":{"line":20,"column":17},"end":{"line":20,"column":80}}},"fnMap":{"0":{"name":"justFnBody","decl":{"start":{"line":5,"column":16},"end":{"line":5,"column":26}},"loc":{"start":{"line":5,"column":39},"end":{"line":11,"column":1}}},"1":{"name":"(anonymous_1)","decl":{"start":{"line":13,"column":35},"end":{"line":13,"column":36}},"loc":{"start":{"line":13,"column":52},"end":{"line":13,"column":74}}},"2":{"name":"(anonymous_2)","decl":{"start":{"line":14,"column":26},"end":{"line":14,"column":29}},"loc":{"start":{"line":14,"column":32},"end":{"line":14,"column":51}}},"3":{"name":"(anonymous_3)","decl":{"start":{"line":15,"column":27},"end":{"line":15,"column":28}},"loc":{"start":{"line":15,"column":36},"end":{"line":15,"column":93}}},"4":{"name":"(anonymous_4)","decl":{"start":{"line":15,"column":60},"end":{"line":15,"column":61}},"loc":{"start":{"line":15,"column":69},"end":{"line":15,"column":92}}},"5":{"name":"(anonymous_5)","decl":{"start":{"line":16,"column":27},"end":{"line":16,"column":28}},"loc":{"start":{"line":16,"column":36},"end":{"line":16,"column":106}}},"6":{"name":"(anonymous_6)","decl":{"start":{"line":16,"column":62},"end":{"line":16,"column":63}},"loc":{"start":{"line":16,"column":71},"end":{"line":16,"column":105}}},"7":{"name":"isObject","decl":{"start":{"line":17,"column":16},"end":{"line":17,"column":24}},"loc":{"start":{"line":17,"column":33},"end":{"line":19,"column":1}}},"8":{"name":"(anonymous_8)","decl":{"start":{"line":20,"column":11},"end":{"line":20,"column":14}},"loc":{"start":{"line":20,"column":17},"end":{"line":20,"column":80}}}},"branchMap":{"0":{"loc":{"start":{"line":18,"column":9},"end":{"line":18,"column":59}},"type":"binary-expr","locations":[{"start":{"line":18,"column":9},"end":{"line":18,"column":32}},{"start":{"line":18,"column":36},"end":{"line":18,"column":59}}]}},"s":{"0":0,"1":0,"2":0,"3":0,"4":0,"5":6,"6":6,"7":0,"8":6,"9":6,"10":0,"11":6,"12":6,"13":5,"14":2,"15":6,"16":6,"17":0,"18":0,"19":6,"20":80,"21":6,"22":6,"23":0},"f":{"0":0,"1":0,"2":0,"3":5,"4":2,"5":0,"6":0,"7":80,"8":0},"b":{"0":[80,26]}}
}
