{"/Users/keff_work/Documents/dev/self/libs/npm/cardboard-js/src/tag.ts": {"path":"/Users/keff_work/Documents/dev/self/libs/npm/cardboard-js/src/tag.ts","statementMap":{"0":{"start":{"line":1,"column":0},"end":{"line":1,"column":50}},"1":{"start":{"line":13,"column":4},"end":{"line":17,"column":2}},"2":{"start":{"line":21,"column":2},"end":{"line":21,"column":29}},"3":{"start":{"line":20,"column":0},"end":{"line":20,"column":16}},"4":{"start":{"line":41,"column":4},"end":{"line":41,"column":44}},"5":{"start":{"line":45,"column":4},"end":{"line":45,"column":39}},"6":{"start":{"line":49,"column":4},"end":{"line":49,"column":27}},"7":{"start":{"line":53,"column":4},"end":{"line":53,"column":25}},"8":{"start":{"line":54,"column":4},"end":{"line":54,"column":16}},"9":{"start":{"line":58,"column":5},"end":{"line":58,"column":43}},"10":{"start":{"line":59,"column":4},"end":{"line":59,"column":16}},"11":{"start":{"line":31,"column":2},"end":{"line":31,"column":22}},"12":{"start":{"line":34,"column":10},"end":{"line":34,"column":38}},"13":{"start":{"line":35,"column":10},"end":{"line":38,"column":4}},"14":{"start":{"line":63,"column":4},"end":{"line":63,"column":33}},"15":{"start":{"line":65,"column":4},"end":{"line":75,"column":null}},"16":{"start":{"line":66,"column":6},"end":{"line":66,"column":30}},"17":{"start":{"line":67,"column":6},"end":{"line":67,"column":71}},"18":{"start":{"line":68,"column":11},"end":{"line":75,"column":null}},"19":{"start":{"line":69,"column":6},"end":{"line":69,"column":55}},"20":{"start":{"line":70,"column":11},"end":{"line":75,"column":null}},"21":{"start":{"line":71,"column":6},"end":{"line":71,"column":30}},"22":{"start":{"line":72,"column":6},"end":{"line":72,"column":31}},"23":{"start":{"line":74,"column":6},"end":{"line":74,"column":44}},"24":{"start":{"line":77,"column":4},"end":{"line":77,"column":56}},"25":{"start":{"line":77,"column":29},"end":{"line":77,"column":56}},"26":{"start":{"line":79,"column":4},"end":{"line":81,"column":null}},"27":{"start":{"line":80,"column":6},"end":{"line":80,"column":39}},"28":{"start":{"line":86,"column":4},"end":{"line":88,"column":6}},"29":{"start":{"line":92,"column":4},"end":{"line":94,"column":6}},"30":{"start":{"line":95,"column":4},"end":{"line":95,"column":16}},"31":{"start":{"line":100,"column":4},"end":{"line":100,"column":63}},"32":{"start":{"line":100,"column":37},"end":{"line":100,"column":61}},"33":{"start":{"line":101,"column":4},"end":{"line":101,"column":31}},"34":{"start":{"line":102,"column":4},"end":{"line":102,"column":16}},"35":{"start":{"line":109,"column":21},"end":{"line":112,"column":5}},"36":{"start":{"line":110,"column":6},"end":{"line":111,"column":26}},"37":{"start":{"line":110,"column":17},"end":{"line":110,"column":31}},"38":{"start":{"line":111,"column":11},"end":{"line":111,"column":26}},"39":{"start":{"line":113,"column":4},"end":{"line":113,"column":33}},"40":{"start":{"line":114,"column":4},"end":{"line":114,"column":25}},"41":{"start":{"line":115,"column":4},"end":{"line":115,"column":16}},"42":{"start":{"line":123,"column":4},"end":{"line":123,"column":50}},"43":{"start":{"line":130,"column":4},"end":{"line":130,"column":35}},"44":{"start":{"line":130,"column":22},"end":{"line":130,"column":35}},"45":{"start":{"line":131,"column":4},"end":{"line":131,"column":103}},"46":{"start":{"line":132,"column":4},"end":{"line":132,"column":16}},"47":{"start":{"line":137,"column":4},"end":{"line":137,"column":57}},"48":{"start":{"line":138,"column":4},"end":{"line":138,"column":18}},"49":{"start":{"line":143,"column":23},"end":{"line":148,"column":5}},"50":{"start":{"line":144,"column":6},"end":{"line":144,"column":38}},"51":{"start":{"line":145,"column":6},"end":{"line":145,"column":31}},"52":{"start":{"line":145,"column":24},"end":{"line":145,"column":31}},"53":{"start":{"line":146,"column":6},"end":{"line":147,"column":23}},"54":{"start":{"line":146,"column":18},"end":{"line":146,"column":30}},"55":{"start":{"line":147,"column":11},"end":{"line":147,"column":23}},"56":{"start":{"line":150,"column":4},"end":{"line":150,"column":35}},"57":{"start":{"line":151,"column":4},"end":{"line":151,"column":42}},"58":{"start":{"line":152,"column":4},"end":{"line":152,"column":16}},"59":{"start":{"line":157,"column":23},"end":{"line":162,"column":5}},"60":{"start":{"line":158,"column":6},"end":{"line":158,"column":38}},"61":{"start":{"line":159,"column":6},"end":{"line":159,"column":31}},"62":{"start":{"line":159,"column":24},"end":{"line":159,"column":31}},"63":{"start":{"line":160,"column":6},"end":{"line":161,"column":23}},"64":{"start":{"line":160,"column":17},"end":{"line":160,"column":29}},"65":{"start":{"line":161,"column":11},"end":{"line":161,"column":23}},"66":{"start":{"line":164,"column":4},"end":{"line":164,"column":35}},"67":{"start":{"line":165,"column":4},"end":{"line":165,"column":41}},"68":{"start":{"line":166,"column":4},"end":{"line":166,"column":16}},"69":{"start":{"line":171,"column":4},"end":{"line":175,"column":6}},"70":{"start":{"line":173,"column":12},"end":{"line":173,"column":37}},"71":{"start":{"line":174,"column":12},"end":{"line":174,"column":36}},"72":{"start":{"line":180,"column":4},"end":{"line":184,"column":6}},"73":{"start":{"line":182,"column":12},"end":{"line":182,"column":37}},"74":{"start":{"line":183,"column":12},"end":{"line":183,"column":36}},"75":{"start":{"line":189,"column":4},"end":{"line":193,"column":6}},"76":{"start":{"line":191,"column":12},"end":{"line":191,"column":37}},"77":{"start":{"line":192,"column":12},"end":{"line":192,"column":29}},"78":{"start":{"line":198,"column":4},"end":{"line":202,"column":6}},"79":{"start":{"line":200,"column":12},"end":{"line":200,"column":37}},"80":{"start":{"line":201,"column":12},"end":{"line":201,"column":29}},"81":{"start":{"line":207,"column":4},"end":{"line":207,"column":47}},"82":{"start":{"line":212,"column":4},"end":{"line":212,"column":50}},"83":{"start":{"line":220,"column":4},"end":{"line":220,"column":60}},"84":{"start":{"line":220,"column":32},"end":{"line":220,"column":58}},"85":{"start":{"line":221,"column":4},"end":{"line":221,"column":16}},"86":{"start":{"line":226,"column":4},"end":{"line":226,"column":36}},"87":{"start":{"line":227,"column":4},"end":{"line":227,"column":16}},"88":{"start":{"line":235,"column":4},"end":{"line":237,"column":null}},"89":{"start":{"line":236,"column":6},"end":{"line":236,"column":33}},"90":{"start":{"line":238,"column":4},"end":{"line":240,"column":null}},"91":{"start":{"line":239,"column":6},"end":{"line":239,"column":41}},"92":{"start":{"line":241,"column":4},"end":{"line":243,"column":null}},"93":{"start":{"line":242,"column":6},"end":{"line":242,"column":39}},"94":{"start":{"line":244,"column":4},"end":{"line":246,"column":null}},"95":{"start":{"line":245,"column":6},"end":{"line":245,"column":34}},"96":{"start":{"line":247,"column":4},"end":{"line":249,"column":null}},"97":{"start":{"line":248,"column":6},"end":{"line":248,"column":29}},"98":{"start":{"line":250,"column":4},"end":{"line":252,"column":null}},"99":{"start":{"line":251,"column":6},"end":{"line":251,"column":34}},"100":{"start":{"line":253,"column":4},"end":{"line":255,"column":null}},"101":{"start":{"line":254,"column":6},"end":{"line":254,"column":38}},"102":{"start":{"line":256,"column":4},"end":{"line":260,"column":null}},"103":{"start":{"line":257,"column":6},"end":{"line":259,"column":null}},"104":{"start":{"line":258,"column":8},"end":{"line":258,"column":37}},"105":{"start":{"line":262,"column":4},"end":{"line":262,"column":16}},"106":{"start":{"line":267,"column":4},"end":{"line":267,"column":46}},"107":{"start":{"line":268,"column":4},"end":{"line":268,"column":16}},"108":{"start":{"line":273,"column":4},"end":{"line":273,"column":39}},"109":{"start":{"line":274,"column":4},"end":{"line":274,"column":16}},"110":{"start":{"line":279,"column":4},"end":{"line":281,"column":null}},"111":{"start":{"line":280,"column":6},"end":{"line":280,"column":41}},"112":{"start":{"line":282,"column":4},"end":{"line":282,"column":16}},"113":{"start":{"line":287,"column":4},"end":{"line":291,"column":null}},"114":{"start":{"line":288,"column":6},"end":{"line":290,"column":null}},"115":{"start":{"line":289,"column":8},"end":{"line":289,"column":21}},"116":{"start":{"line":292,"column":4},"end":{"line":292,"column":16}},"117":{"start":{"line":297,"column":4},"end":{"line":297,"column":62}},"118":{"start":{"line":298,"column":4},"end":{"line":298,"column":16}},"119":{"start":{"line":303,"column":4},"end":{"line":307,"column":null}},"120":{"start":{"line":304,"column":6},"end":{"line":304,"column":32}},"121":{"start":{"line":306,"column":6},"end":{"line":306,"column":33}},"122":{"start":{"line":308,"column":4},"end":{"line":308,"column":16}},"123":{"start":{"line":312,"column":4},"end":{"line":312,"column":51}},"124":{"start":{"line":313,"column":4},"end":{"line":313,"column":16}},"125":{"start":{"line":317,"column":4},"end":{"line":319,"column":null}},"126":{"start":{"line":318,"column":6},"end":{"line":318,"column":38}},"127":{"start":{"line":320,"column":4},"end":{"line":320,"column":16}},"128":{"start":{"line":324,"column":4},"end":{"line":326,"column":null}},"129":{"start":{"line":325,"column":6},"end":{"line":325,"column":45}},"130":{"start":{"line":327,"column":4},"end":{"line":327,"column":16}},"131":{"start":{"line":331,"column":4},"end":{"line":335,"column":null}},"132":{"start":{"line":332,"column":6},"end":{"line":334,"column":null}},"133":{"start":{"line":333,"column":8},"end":{"line":333,"column":21}},"134":{"start":{"line":336,"column":4},"end":{"line":336,"column":16}},"135":{"start":{"line":340,"column":4},"end":{"line":342,"column":null}},"136":{"start":{"line":341,"column":6},"end":{"line":341,"column":36}},"137":{"start":{"line":343,"column":4},"end":{"line":343,"column":16}},"138":{"start":{"line":347,"column":4},"end":{"line":347,"column":41}},"139":{"start":{"line":348,"column":4},"end":{"line":348,"column":42}},"140":{"start":{"line":349,"column":4},"end":{"line":349,"column":16}},"141":{"start":{"line":353,"column":4},"end":{"line":356,"column":null}},"142":{"start":{"line":354,"column":6},"end":{"line":354,"column":40}},"143":{"start":{"line":355,"column":6},"end":{"line":355,"column":42}},"144":{"start":{"line":357,"column":4},"end":{"line":357,"column":16}},"145":{"start":{"line":361,"column":4},"end":{"line":365,"column":null}},"146":{"start":{"line":362,"column":6},"end":{"line":364,"column":null}},"147":{"start":{"line":363,"column":8},"end":{"line":363,"column":21}},"148":{"start":{"line":366,"column":4},"end":{"line":366,"column":16}},"149":{"start":{"line":370,"column":4},"end":{"line":370,"column":41}},"150":{"start":{"line":374,"column":4},"end":{"line":378,"column":null}},"151":{"start":{"line":375,"column":6},"end":{"line":377,"column":9}},"152":{"start":{"line":376,"column":8},"end":{"line":376,"column":29}},"153":{"start":{"line":379,"column":4},"end":{"line":379,"column":16}},"154":{"start":{"line":383,"column":4},"end":{"line":390,"column":null}},"155":{"start":{"line":384,"column":23},"end":{"line":387,"column":7}},"156":{"start":{"line":385,"column":8},"end":{"line":385,"column":22}},"157":{"start":{"line":386,"column":8},"end":{"line":386,"column":60}},"158":{"start":{"line":389,"column":6},"end":{"line":389,"column":55}},"159":{"start":{"line":391,"column":4},"end":{"line":391,"column":16}},"160":{"start":{"line":395,"column":4},"end":{"line":395,"column":32}},"161":{"start":{"line":399,"column":4},"end":{"line":405,"column":null}},"162":{"start":{"line":400,"column":6},"end":{"line":404,"column":9}},"163":{"start":{"line":401,"column":8},"end":{"line":403,"column":null}},"164":{"start":{"line":402,"column":10},"end":{"line":402,"column":24}},"165":{"start":{"line":407,"column":4},"end":{"line":407,"column":35}},"166":{"start":{"line":411,"column":4},"end":{"line":411,"column":33}},"167":{"start":{"line":415,"column":4},"end":{"line":415,"column":33}},"168":{"start":{"line":419,"column":4},"end":{"line":419,"column":26}},"169":{"start":{"line":420,"column":4},"end":{"line":420,"column":16}},"170":{"start":{"line":424,"column":5},"end":{"line":424,"column":37}},"171":{"start":{"line":426,"column":4},"end":{"line":426,"column":56}},"172":{"start":{"line":427,"column":4},"end":{"line":427,"column":16}},"173":{"start":{"line":431,"column":4},"end":{"line":431,"column":27}},"174":{"start":{"line":432,"column":4},"end":{"line":432,"column":41}},"175":{"start":{"line":433,"column":4},"end":{"line":433,"column":16}},"176":{"start":{"line":437,"column":4},"end":{"line":437,"column":28}},"177":{"start":{"line":438,"column":4},"end":{"line":438,"column":16}},"178":{"start":{"line":442,"column":4},"end":{"line":446,"column":null}},"179":{"start":{"line":443,"column":6},"end":{"line":443,"column":43}},"180":{"start":{"line":445,"column":6},"end":{"line":445,"column":30}},"181":{"start":{"line":450,"column":20},"end":{"line":450,"column":56}},"182":{"start":{"line":451,"column":4},"end":{"line":453,"column":null}},"183":{"start":{"line":452,"column":6},"end":{"line":452,"column":31}},"184":{"start":{"line":457,"column":27},"end":{"line":457,"column":45}},"185":{"start":{"line":458,"column":4},"end":{"line":460,"column":null}},"186":{"start":{"line":459,"column":6},"end":{"line":459,"column":71}},"187":{"start":{"line":459,"column":38},"end":{"line":459,"column":71}},"188":{"start":{"line":462,"column":4},"end":{"line":462,"column":16}},"189":{"start":{"line":466,"column":4},"end":{"line":466,"column":49}},"190":{"start":{"line":466,"column":30},"end":{"line":466,"column":49}},"191":{"start":{"line":467,"column":4},"end":{"line":470,"column":null}},"192":{"start":{"line":468,"column":6},"end":{"line":468,"column":35}},"193":{"start":{"line":469,"column":6},"end":{"line":469,"column":19}},"194":{"start":{"line":471,"column":4},"end":{"line":471,"column":16}},"195":{"start":{"line":29,"column":0},"end":{"line":29,"column":13}},"196":{"start":{"line":476,"column":2},"end":{"line":476,"column":42}},"197":{"start":{"line":475,"column":0},"end":{"line":475,"column":16}},"198":{"start":{"line":480,"column":2},"end":{"line":482,"column":null}},"199":{"start":{"line":481,"column":4},"end":{"line":481,"column":55}},"200":{"start":{"line":483,"column":2},"end":{"line":483,"column":28}},"201":{"start":{"line":479,"column":0},"end":{"line":479,"column":16}},"202":{"start":{"line":487,"column":2},"end":{"line":491,"column":null}},"203":{"start":{"line":488,"column":4},"end":{"line":488,"column":57}},"204":{"start":{"line":490,"column":4},"end":{"line":490,"column":31}},"205":{"start":{"line":486,"column":0},"end":{"line":486,"column":16}},"206":{"start":{"line":495,"column":2},"end":{"line":495,"column":29}},"207":{"start":{"line":496,"column":2},"end":{"line":496,"column":32}},"208":{"start":{"line":494,"column":0},"end":{"line":494,"column":16}},"209":{"start":{"line":500,"column":15},"end":{"line":500,"column":44}},"210":{"start":{"line":501,"column":2},"end":{"line":501,"column":15}},"211":{"start":{"line":502,"column":2},"end":{"line":502,"column":14}},"212":{"start":{"line":499,"column":0},"end":{"line":499,"column":16}},"213":{"start":{"line":506,"column":14},"end":{"line":506,"column":15}},"214":{"start":{"line":507,"column":2},"end":{"line":509,"column":null}},"215":{"start":{"line":508,"column":4},"end":{"line":508,"column":12}},"216":{"start":{"line":510,"column":2},"end":{"line":510,"column":15}},"217":{"start":{"line":505,"column":0},"end":{"line":505,"column":16}},"218":{"start":{"line":513,"column":2},"end":{"line":513,"column":29}},"219":{"start":{"line":512,"column":0},"end":{"line":512,"column":16}},"220":{"start":{"line":516,"column":2},"end":{"line":516,"column":65}},"221":{"start":{"line":516,"column":30},"end":{"line":516,"column":65}},"222":{"start":{"line":517,"column":2},"end":{"line":517,"column":44}},"223":{"start":{"line":517,"column":26},"end":{"line":517,"column":44}},"224":{"start":{"line":518,"column":2},"end":{"line":518,"column":43}},"225":{"start":{"line":518,"column":33},"end":{"line":518,"column":43}},"226":{"start":{"line":519,"column":2},"end":{"line":519,"column":14}},"227":{"start":{"line":515,"column":0},"end":{"line":515,"column":16}},"228":{"start":{"line":522,"column":19},"end":{"line":522,"column":37}},"229":{"start":{"line":523,"column":15},"end":{"line":523,"column":17}},"230":{"start":{"line":524,"column":8},"end":{"line":524,"column":25}},"231":{"start":{"line":526,"column":2},"end":{"line":530,"column":null}},"232":{"start":{"line":527,"column":4},"end":{"line":529,"column":null}},"233":{"start":{"line":528,"column":6},"end":{"line":528,"column":38}},"234":{"start":{"line":532,"column":2},"end":{"line":532,"column":18}},"235":{"start":{"line":521,"column":0},"end":{"line":521,"column":16}},"236":{"start":{"line":535,"column":83},"end":{"line":547,"column":2}},"237":{"start":{"line":537,"column":4},"end":{"line":542,"column":6}},"238":{"start":{"line":540,"column":8},"end":{"line":540,"column":39}},"239":{"start":{"line":545,"column":4},"end":{"line":545,"column":67}},"240":{"start":{"line":555,"column":13},"end":{"line":581,"column":13}},"241":{"start":{"line":559,"column":22},"end":{"line":559,"column":34}},"242":{"start":{"line":560,"column":17},"end":{"line":565,"column":7}},"243":{"start":{"line":561,"column":8},"end":{"line":563,"column":null}},"244":{"start":{"line":562,"column":10},"end":{"line":562,"column":56}},"245":{"start":{"line":564,"column":8},"end":{"line":564,"column":38}},"246":{"start":{"line":567,"column":6},"end":{"line":576,"column":9}},"247":{"start":{"line":569,"column":10},"end":{"line":574,"column":12}},"248":{"start":{"line":570,"column":12},"end":{"line":572,"column":null}},"249":{"start":{"line":571,"column":14},"end":{"line":571,"column":59}},"250":{"start":{"line":573,"column":12},"end":{"line":573,"column":48}},"251":{"start":{"line":578,"column":6},"end":{"line":578,"column":16}}},"fnMap":{"0":{"name":"attached","decl":{"start":{"line":20,"column":16},"end":{"line":20,"column":24}},"loc":{"start":{"line":20,"column":24},"end":{"line":22,"column":1}}},"1":{"name":"(anonymous_1)","decl":{"start":{"line":40,"column":2},"end":{"line":40,"column":6}},"loc":{"start":{"line":40,"column":14},"end":{"line":42,"column":3}}},"2":{"name":"(anonymous_2)","decl":{"start":{"line":44,"column":2},"end":{"line":44,"column":6}},"loc":{"start":{"line":44,"column":11},"end":{"line":46,"column":3}}},"3":{"name":"(anonymous_3)","decl":{"start":{"line":48,"column":2},"end":{"line":48,"column":6}},"loc":{"start":{"line":48,"column":8},"end":{"line":50,"column":3}}},"4":{"name":"(anonymous_4)","decl":{"start":{"line":52,"column":2},"end":{"line":52,"column":7}},"loc":{"start":{"line":52,"column":18},"end":{"line":55,"column":3}}},"5":{"name":"(anonymous_5)","decl":{"start":{"line":57,"column":2},"end":{"line":57,"column":10}},"loc":{"start":{"line":57,"column":27},"end":{"line":60,"column":3}}},"6":{"name":"(anonymous_6)","decl":{"start":{"line":62,"column":2},"end":{"line":62,"column":14}},"loc":{"start":{"line":62,"column":98},"end":{"line":82,"column":3}}},"7":{"name":"(anonymous_7)","decl":{"start":{"line":85,"column":2},"end":{"line":85,"column":13}},"loc":{"start":{"line":85,"column":35},"end":{"line":89,"column":3}}},"8":{"name":"(anonymous_8)","decl":{"start":{"line":91,"column":2},"end":{"line":91,"column":8}},"loc":{"start":{"line":91,"column":33},"end":{"line":96,"column":3}}},"9":{"name":"(anonymous_9)","decl":{"start":{"line":99,"column":2},"end":{"line":99,"column":9}},"loc":{"start":{"line":99,"column":83},"end":{"line":103,"column":3}}},"10":{"name":"(anonymous_10)","decl":{"start":{"line":100,"column":23},"end":{"line":100,"column":24}},"loc":{"start":{"line":100,"column":37},"end":{"line":100,"column":61}}},"11":{"name":"(anonymous_11)","decl":{"start":{"line":108,"column":2},"end":{"line":108,"column":6}},"loc":{"start":{"line":108,"column":95},"end":{"line":116,"column":3}}},"12":{"name":"(anonymous_12)","decl":{"start":{"line":109,"column":21},"end":{"line":109,"column":22}},"loc":{"start":{"line":109,"column":31},"end":{"line":112,"column":5}}},"13":{"name":"(anonymous_13)","decl":{"start":{"line":122,"column":2},"end":{"line":122,"column":9}},"loc":{"start":{"line":122,"column":98},"end":{"line":124,"column":3}}},"14":{"name":"(anonymous_14)","decl":{"start":{"line":129,"column":2},"end":{"line":129,"column":6}},"loc":{"start":{"line":129,"column":6},"end":{"line":133,"column":3}}},"15":{"name":"(anonymous_15)","decl":{"start":{"line":136,"column":2},"end":{"line":136,"column":6}},"loc":{"start":{"line":136,"column":6},"end":{"line":139,"column":3}}},"16":{"name":"(anonymous_16)","decl":{"start":{"line":142,"column":2},"end":{"line":142,"column":8}},"loc":{"start":{"line":142,"column":49},"end":{"line":153,"column":3}}},"17":{"name":"(anonymous_17)","decl":{"start":{"line":143,"column":23},"end":{"line":143,"column":24}},"loc":{"start":{"line":143,"column":38},"end":{"line":148,"column":5}}},"18":{"name":"(anonymous_18)","decl":{"start":{"line":156,"column":2},"end":{"line":156,"column":11}},"loc":{"start":{"line":156,"column":52},"end":{"line":167,"column":3}}},"19":{"name":"(anonymous_19)","decl":{"start":{"line":157,"column":23},"end":{"line":157,"column":24}},"loc":{"start":{"line":157,"column":38},"end":{"line":162,"column":5}}},"20":{"name":"(anonymous_20)","decl":{"start":{"line":170,"column":2},"end":{"line":170,"column":9}},"loc":{"start":{"line":170,"column":59},"end":{"line":176,"column":3}}},"21":{"name":"(anonymous_21)","decl":{"start":{"line":173,"column":6},"end":{"line":173,"column":9}},"loc":{"start":{"line":173,"column":12},"end":{"line":173,"column":37}}},"22":{"name":"(anonymous_22)","decl":{"start":{"line":174,"column":6},"end":{"line":174,"column":9}},"loc":{"start":{"line":174,"column":12},"end":{"line":174,"column":36}}},"23":{"name":"(anonymous_23)","decl":{"start":{"line":179,"column":2},"end":{"line":179,"column":12}},"loc":{"start":{"line":179,"column":62},"end":{"line":185,"column":3}}},"24":{"name":"(anonymous_24)","decl":{"start":{"line":182,"column":6},"end":{"line":182,"column":9}},"loc":{"start":{"line":182,"column":12},"end":{"line":182,"column":37}}},"25":{"name":"(anonymous_25)","decl":{"start":{"line":183,"column":6},"end":{"line":183,"column":9}},"loc":{"start":{"line":183,"column":12},"end":{"line":183,"column":36}}},"26":{"name":"(anonymous_26)","decl":{"start":{"line":188,"column":2},"end":{"line":188,"column":8}},"loc":{"start":{"line":188,"column":70},"end":{"line":194,"column":3}}},"27":{"name":"(anonymous_27)","decl":{"start":{"line":191,"column":6},"end":{"line":191,"column":9}},"loc":{"start":{"line":191,"column":12},"end":{"line":191,"column":37}}},"28":{"name":"(anonymous_28)","decl":{"start":{"line":192,"column":6},"end":{"line":192,"column":9}},"loc":{"start":{"line":192,"column":12},"end":{"line":192,"column":29}}},"29":{"name":"(anonymous_29)","decl":{"start":{"line":197,"column":2},"end":{"line":197,"column":11}},"loc":{"start":{"line":197,"column":73},"end":{"line":203,"column":3}}},"30":{"name":"(anonymous_30)","decl":{"start":{"line":200,"column":6},"end":{"line":200,"column":9}},"loc":{"start":{"line":200,"column":12},"end":{"line":200,"column":37}}},"31":{"name":"(anonymous_31)","decl":{"start":{"line":201,"column":6},"end":{"line":201,"column":9}},"loc":{"start":{"line":201,"column":12},"end":{"line":201,"column":29}}},"32":{"name":"(anonymous_32)","decl":{"start":{"line":206,"column":2},"end":{"line":206,"column":11}},"loc":{"start":{"line":206,"column":39},"end":{"line":208,"column":3}}},"33":{"name":"(anonymous_33)","decl":{"start":{"line":211,"column":2},"end":{"line":211,"column":14}},"loc":{"start":{"line":211,"column":42},"end":{"line":213,"column":3}}},"34":{"name":"(anonymous_34)","decl":{"start":{"line":215,"column":2},"end":{"line":215,"column":8}},"loc":{"start":{"line":218,"column":76},"end":{"line":222,"column":3}}},"35":{"name":"(anonymous_35)","decl":{"start":{"line":220,"column":16},"end":{"line":220,"column":17}},"loc":{"start":{"line":220,"column":32},"end":{"line":220,"column":58}}},"36":{"name":"(anonymous_36)","decl":{"start":{"line":225,"column":2},"end":{"line":225,"column":6}},"loc":{"start":{"line":225,"column":11},"end":{"line":228,"column":3}}},"37":{"name":"(anonymous_37)","decl":{"start":{"line":234,"column":2},"end":{"line":234,"column":8}},"loc":{"start":{"line":234,"column":26},"end":{"line":263,"column":3}}},"38":{"name":"(anonymous_38)","decl":{"start":{"line":266,"column":2},"end":{"line":266,"column":10}},"loc":{"start":{"line":266,"column":34},"end":{"line":269,"column":3}}},"39":{"name":"(anonymous_39)","decl":{"start":{"line":272,"column":2},"end":{"line":272,"column":11}},"loc":{"start":{"line":272,"column":29},"end":{"line":275,"column":3}}},"40":{"name":"(anonymous_40)","decl":{"start":{"line":278,"column":2},"end":{"line":278,"column":9}},"loc":{"start":{"line":278,"column":33},"end":{"line":283,"column":3}}},"41":{"name":"(anonymous_41)","decl":{"start":{"line":286,"column":2},"end":{"line":286,"column":10}},"loc":{"start":{"line":286,"column":34},"end":{"line":293,"column":3}}},"42":{"name":"(anonymous_42)","decl":{"start":{"line":296,"column":2},"end":{"line":296,"column":14}},"loc":{"start":{"line":296,"column":56},"end":{"line":299,"column":3}}},"43":{"name":"(anonymous_43)","decl":{"start":{"line":302,"column":2},"end":{"line":302,"column":13}},"loc":{"start":{"line":302,"column":33},"end":{"line":309,"column":3}}},"44":{"name":"(anonymous_44)","decl":{"start":{"line":311,"column":2},"end":{"line":311,"column":10}},"loc":{"start":{"line":311,"column":75},"end":{"line":314,"column":3}}},"45":{"name":"(anonymous_45)","decl":{"start":{"line":316,"column":2},"end":{"line":316,"column":10}},"loc":{"start":{"line":316,"column":27},"end":{"line":321,"column":3}}},"46":{"name":"(anonymous_46)","decl":{"start":{"line":323,"column":2},"end":{"line":323,"column":9}},"loc":{"start":{"line":323,"column":33},"end":{"line":328,"column":3}}},"47":{"name":"(anonymous_47)","decl":{"start":{"line":330,"column":2},"end":{"line":330,"column":10}},"loc":{"start":{"line":330,"column":30},"end":{"line":337,"column":3}}},"48":{"name":"(anonymous_48)","decl":{"start":{"line":339,"column":2},"end":{"line":339,"column":10}},"loc":{"start":{"line":339,"column":41},"end":{"line":344,"column":3}}},"49":{"name":"(anonymous_49)","decl":{"start":{"line":346,"column":2},"end":{"line":346,"column":9}},"loc":{"start":{"line":346,"column":36},"end":{"line":350,"column":3}}},"50":{"name":"(anonymous_50)","decl":{"start":{"line":352,"column":2},"end":{"line":352,"column":8}},"loc":{"start":{"line":352,"column":27},"end":{"line":358,"column":3}}},"51":{"name":"(anonymous_51)","decl":{"start":{"line":360,"column":2},"end":{"line":360,"column":9}},"loc":{"start":{"line":360,"column":27},"end":{"line":367,"column":3}}},"52":{"name":"(anonymous_52)","decl":{"start":{"line":369,"column":2},"end":{"line":369,"column":9}},"loc":{"start":{"line":369,"column":22},"end":{"line":371,"column":3}}},"53":{"name":"(anonymous_53)","decl":{"start":{"line":373,"column":2},"end":{"line":373,"column":4}},"loc":{"start":{"line":373,"column":115},"end":{"line":380,"column":3}}},"54":{"name":"(anonymous_54)","decl":{"start":{"line":375,"column":45},"end":{"line":375,"column":46}},"loc":{"start":{"line":375,"column":77},"end":{"line":377,"column":7}}},"55":{"name":"(anonymous_55)","decl":{"start":{"line":382,"column":2},"end":{"line":382,"column":6}},"loc":{"start":{"line":382,"column":117},"end":{"line":392,"column":3}}},"56":{"name":"(anonymous_56)","decl":{"start":{"line":384,"column":23},"end":{"line":384,"column":24}},"loc":{"start":{"line":384,"column":55},"end":{"line":387,"column":7}}},"57":{"name":"(anonymous_57)","decl":{"start":{"line":394,"column":2},"end":{"line":394,"column":9}},"loc":{"start":{"line":394,"column":50},"end":{"line":396,"column":3}}},"58":{"name":"(anonymous_58)","decl":{"start":{"line":398,"column":2},"end":{"line":398,"column":12}},"loc":{"start":{"line":398,"column":70},"end":{"line":408,"column":3}}},"59":{"name":"(anonymous_59)","decl":{"start":{"line":400,"column":33},"end":{"line":400,"column":34}},"loc":{"start":{"line":400,"column":44},"end":{"line":404,"column":7}}},"60":{"name":"(anonymous_60)","decl":{"start":{"line":410,"column":2},"end":{"line":410,"column":9}},"loc":{"start":{"line":410,"column":45},"end":{"line":412,"column":3}}},"61":{"name":"(anonymous_61)","decl":{"start":{"line":414,"column":2},"end":{"line":414,"column":10}},"loc":{"start":{"line":414,"column":52},"end":{"line":416,"column":3}}},"62":{"name":"(anonymous_62)","decl":{"start":{"line":418,"column":2},"end":{"line":418,"column":8}},"loc":{"start":{"line":418,"column":8},"end":{"line":421,"column":3}}},"63":{"name":"(anonymous_63)","decl":{"start":{"line":423,"column":2},"end":{"line":423,"column":7}},"loc":{"start":{"line":423,"column":7},"end":{"line":428,"column":3}}},"64":{"name":"(anonymous_64)","decl":{"start":{"line":430,"column":2},"end":{"line":430,"column":9}},"loc":{"start":{"line":430,"column":9},"end":{"line":434,"column":3}}},"65":{"name":"(anonymous_65)","decl":{"start":{"line":436,"column":2},"end":{"line":436,"column":8}},"loc":{"start":{"line":436,"column":8},"end":{"line":439,"column":3}}},"66":{"name":"(anonymous_66)","decl":{"start":{"line":441,"column":2},"end":{"line":441,"column":13}},"loc":{"start":{"line":441,"column":31},"end":{"line":447,"column":3}}},"67":{"name":"(anonymous_67)","decl":{"start":{"line":449,"column":2},"end":{"line":449,"column":3}},"loc":{"start":{"line":449,"column":12},"end":{"line":454,"column":3}}},"68":{"name":"(anonymous_68)","decl":{"start":{"line":456,"column":2},"end":{"line":456,"column":6}},"loc":{"start":{"line":456,"column":41},"end":{"line":463,"column":3}}},"69":{"name":"(anonymous_69)","decl":{"start":{"line":465,"column":10},"end":{"line":465,"column":34}},"loc":{"start":{"line":465,"column":46},"end":{"line":472,"column":3}}},"70":{"name":"tag","decl":{"start":{"line":475,"column":16},"end":{"line":475,"column":19}},"loc":{"start":{"line":475,"column":99},"end":{"line":477,"column":1}}},"71":{"name":"attach","decl":{"start":{"line":479,"column":16},"end":{"line":479,"column":22}},"loc":{"start":{"line":479,"column":32},"end":{"line":484,"column":1}}},"72":{"name":"detach","decl":{"start":{"line":486,"column":16},"end":{"line":486,"column":22}},"loc":{"start":{"line":486,"column":22},"end":{"line":492,"column":1}}},"73":{"name":"detachAll","decl":{"start":{"line":494,"column":16},"end":{"line":494,"column":25}},"loc":{"start":{"line":494,"column":25},"end":{"line":497,"column":1}}},"74":{"name":"init","decl":{"start":{"line":499,"column":16},"end":{"line":499,"column":20}},"loc":{"start":{"line":499,"column":65},"end":{"line":503,"column":1}}},"75":{"name":"getElementIndex","decl":{"start":{"line":505,"column":16},"end":{"line":505,"column":31}},"loc":{"start":{"line":505,"column":45},"end":{"line":511,"column":1}}},"76":{"name":"isSelector","decl":{"start":{"line":512,"column":16},"end":{"line":512,"column":26}},"loc":{"start":{"line":512,"column":38},"end":{"line":514,"column":1}}},"77":{"name":"getElementForChild","decl":{"start":{"line":515,"column":16},"end":{"line":515,"column":34}},"loc":{"start":{"line":515,"column":47},"end":{"line":520,"column":1}}},"78":{"name":"getElementChildren","decl":{"start":{"line":521,"column":16},"end":{"line":521,"column":34}},"loc":{"start":{"line":521,"column":55},"end":{"line":533,"column":1}}},"79":{"name":"(anonymous_79)","decl":{"start":{"line":536,"column":6},"end":{"line":536,"column":7}},"loc":{"start":{"line":536,"column":57},"end":{"line":543,"column":3}}},"80":{"name":"(anonymous_80)","decl":{"start":{"line":539,"column":19},"end":{"line":539,"column":20}},"loc":{"start":{"line":539,"column":26},"end":{"line":541,"column":7}}},"81":{"name":"(anonymous_81)","decl":{"start":{"line":544,"column":9},"end":{"line":544,"column":10}},"loc":{"start":{"line":544,"column":57},"end":{"line":546,"column":3}}},"82":{"name":"(anonymous_82)","decl":{"start":{"line":558,"column":9},"end":{"line":558,"column":10}},"loc":{"start":{"line":558,"column":21},"end":{"line":579,"column":5}}},"83":{"name":"(anonymous_83)","decl":{"start":{"line":560,"column":17},"end":{"line":560,"column":18}},"loc":{"start":{"line":560,"column":40},"end":{"line":565,"column":7}}},"84":{"name":"(anonymous_84)","decl":{"start":{"line":568,"column":13},"end":{"line":568,"column":16}},"loc":{"start":{"line":568,"column":18},"end":{"line":575,"column":9}}},"85":{"name":"(anonymous_85)","decl":{"start":{"line":569,"column":17},"end":{"line":569,"column":18}},"loc":{"start":{"line":569,"column":40},"end":{"line":574,"column":11}}}},"branchMap":{"0":{"loc":{"start":{"line":62,"column":43},"end":{"line":62,"column":69}},"type":"default-arg","locations":[{"start":{"line":62,"column":67},"end":{"line":62,"column":69}}]},"1":{"loc":{"start":{"line":62,"column":71},"end":{"line":62,"column":98}},"type":"default-arg","locations":[{"start":{"line":62,"column":93},"end":{"line":62,"column":98}}]},"2":{"loc":{"start":{"line":65,"column":4},"end":{"line":75,"column":null}},"type":"if","locations":[{"start":{"line":65,"column":4},"end":{"line":75,"column":null}},{"start":{"line":68,"column":11},"end":{"line":75,"column":null}}]},"3":{"loc":{"start":{"line":65,"column":8},"end":{"line":65,"column":51}},"type":"binary-expr","locations":[{"start":{"line":65,"column":8},"end":{"line":65,"column":31}},{"start":{"line":65,"column":35},"end":{"line":65,"column":51}}]},"4":{"loc":{"start":{"line":68,"column":11},"end":{"line":75,"column":null}},"type":"if","locations":[{"start":{"line":68,"column":11},"end":{"line":75,"column":null}},{"start":{"line":70,"column":11},"end":{"line":75,"column":null}}]},"5":{"loc":{"start":{"line":70,"column":11},"end":{"line":75,"column":null}},"type":"if","locations":[{"start":{"line":70,"column":11},"end":{"line":75,"column":null}},{"start":{"line":73,"column":11},"end":{"line":75,"column":null}}]},"6":{"loc":{"start":{"line":77,"column":4},"end":{"line":77,"column":56}},"type":"if","locations":[{"start":{"line":77,"column":4},"end":{"line":77,"column":56}}]},"7":{"loc":{"start":{"line":79,"column":4},"end":{"line":81,"column":null}},"type":"if","locations":[{"start":{"line":79,"column":4},"end":{"line":81,"column":null}}]},"8":{"loc":{"start":{"line":79,"column":8},"end":{"line":79,"column":46}},"type":"binary-expr","locations":[{"start":{"line":79,"column":8},"end":{"line":79,"column":27}},{"start":{"line":79,"column":31},"end":{"line":79,"column":46}}]},"9":{"loc":{"start":{"line":110,"column":6},"end":{"line":111,"column":26}},"type":"if","locations":[{"start":{"line":110,"column":6},"end":{"line":111,"column":26}},{"start":{"line":111,"column":11},"end":{"line":111,"column":26}}]},"10":{"loc":{"start":{"line":130,"column":4},"end":{"line":130,"column":35}},"type":"if","locations":[{"start":{"line":130,"column":4},"end":{"line":130,"column":35}}]},"11":{"loc":{"start":{"line":145,"column":6},"end":{"line":145,"column":31}},"type":"if","locations":[{"start":{"line":145,"column":6},"end":{"line":145,"column":31}}]},"12":{"loc":{"start":{"line":146,"column":6},"end":{"line":147,"column":23}},"type":"if","locations":[{"start":{"line":146,"column":6},"end":{"line":147,"column":23}},{"start":{"line":147,"column":11},"end":{"line":147,"column":23}}]},"13":{"loc":{"start":{"line":159,"column":6},"end":{"line":159,"column":31}},"type":"if","locations":[{"start":{"line":159,"column":6},"end":{"line":159,"column":31}}]},"14":{"loc":{"start":{"line":160,"column":6},"end":{"line":161,"column":23}},"type":"if","locations":[{"start":{"line":160,"column":6},"end":{"line":161,"column":23}},{"start":{"line":161,"column":11},"end":{"line":161,"column":23}}]},"15":{"loc":{"start":{"line":188,"column":52},"end":{"line":188,"column":70}},"type":"default-arg","locations":[{"start":{"line":188,"column":68},"end":{"line":188,"column":70}}]},"16":{"loc":{"start":{"line":197,"column":55},"end":{"line":197,"column":73}},"type":"default-arg","locations":[{"start":{"line":197,"column":71},"end":{"line":197,"column":73}}]},"17":{"loc":{"start":{"line":235,"column":4},"end":{"line":237,"column":null}},"type":"if","locations":[{"start":{"line":235,"column":4},"end":{"line":237,"column":null}}]},"18":{"loc":{"start":{"line":238,"column":4},"end":{"line":240,"column":null}},"type":"if","locations":[{"start":{"line":238,"column":4},"end":{"line":240,"column":null}}]},"19":{"loc":{"start":{"line":241,"column":4},"end":{"line":243,"column":null}},"type":"if","locations":[{"start":{"line":241,"column":4},"end":{"line":243,"column":null}}]},"20":{"loc":{"start":{"line":244,"column":4},"end":{"line":246,"column":null}},"type":"if","locations":[{"start":{"line":244,"column":4},"end":{"line":246,"column":null}}]},"21":{"loc":{"start":{"line":247,"column":4},"end":{"line":249,"column":null}},"type":"if","locations":[{"start":{"line":247,"column":4},"end":{"line":249,"column":null}}]},"22":{"loc":{"start":{"line":250,"column":4},"end":{"line":252,"column":null}},"type":"if","locations":[{"start":{"line":250,"column":4},"end":{"line":252,"column":null}}]},"23":{"loc":{"start":{"line":253,"column":4},"end":{"line":255,"column":null}},"type":"if","locations":[{"start":{"line":253,"column":4},"end":{"line":255,"column":null}}]},"24":{"loc":{"start":{"line":256,"column":4},"end":{"line":260,"column":null}},"type":"if","locations":[{"start":{"line":256,"column":4},"end":{"line":260,"column":null}}]},"25":{"loc":{"start":{"line":288,"column":6},"end":{"line":290,"column":null}},"type":"if","locations":[{"start":{"line":288,"column":6},"end":{"line":290,"column":null}}]},"26":{"loc":{"start":{"line":303,"column":4},"end":{"line":307,"column":null}},"type":"if","locations":[{"start":{"line":303,"column":4},"end":{"line":307,"column":null}},{"start":{"line":305,"column":11},"end":{"line":307,"column":null}}]},"27":{"loc":{"start":{"line":332,"column":6},"end":{"line":334,"column":null}},"type":"if","locations":[{"start":{"line":332,"column":6},"end":{"line":334,"column":null}}]},"28":{"loc":{"start":{"line":362,"column":6},"end":{"line":364,"column":null}},"type":"if","locations":[{"start":{"line":362,"column":6},"end":{"line":364,"column":null}}]},"29":{"loc":{"start":{"line":374,"column":4},"end":{"line":378,"column":null}},"type":"if","locations":[{"start":{"line":374,"column":4},"end":{"line":378,"column":null}}]},"30":{"loc":{"start":{"line":383,"column":4},"end":{"line":390,"column":null}},"type":"if","locations":[{"start":{"line":383,"column":4},"end":{"line":390,"column":null}}]},"31":{"loc":{"start":{"line":399,"column":4},"end":{"line":405,"column":null}},"type":"if","locations":[{"start":{"line":399,"column":4},"end":{"line":405,"column":null}}]},"32":{"loc":{"start":{"line":401,"column":8},"end":{"line":403,"column":null}},"type":"if","locations":[{"start":{"line":401,"column":8},"end":{"line":403,"column":null}}]},"33":{"loc":{"start":{"line":401,"column":12},"end":{"line":401,"column":45}},"type":"binary-expr","locations":[{"start":{"line":401,"column":12},"end":{"line":401,"column":27}},{"start":{"line":401,"column":31},"end":{"line":401,"column":45}}]},"34":{"loc":{"start":{"line":442,"column":4},"end":{"line":446,"column":null}},"type":"if","locations":[{"start":{"line":442,"column":4},"end":{"line":446,"column":null}},{"start":{"line":444,"column":11},"end":{"line":446,"column":null}}]},"35":{"loc":{"start":{"line":451,"column":4},"end":{"line":453,"column":null}},"type":"if","locations":[{"start":{"line":451,"column":4},"end":{"line":453,"column":null}}]},"36":{"loc":{"start":{"line":459,"column":6},"end":{"line":459,"column":71}},"type":"if","locations":[{"start":{"line":459,"column":6},"end":{"line":459,"column":71}}]},"37":{"loc":{"start":{"line":466,"column":4},"end":{"line":466,"column":49}},"type":"if","locations":[{"start":{"line":466,"column":4},"end":{"line":466,"column":49}}]},"38":{"loc":{"start":{"line":467,"column":4},"end":{"line":470,"column":null}},"type":"if","locations":[{"start":{"line":467,"column":4},"end":{"line":470,"column":null}}]},"39":{"loc":{"start":{"line":467,"column":8},"end":{"line":467,"column":54}},"type":"binary-expr","locations":[{"start":{"line":467,"column":8},"end":{"line":467,"column":28}},{"start":{"line":467,"column":32},"end":{"line":467,"column":54}}]},"40":{"loc":{"start":{"line":475,"column":48},"end":{"line":475,"column":74}},"type":"default-arg","locations":[{"start":{"line":475,"column":72},"end":{"line":475,"column":74}}]},"41":{"loc":{"start":{"line":475,"column":76},"end":{"line":475,"column":99}},"type":"default-arg","locations":[{"start":{"line":475,"column":94},"end":{"line":475,"column":99}}]},"42":{"loc":{"start":{"line":480,"column":2},"end":{"line":482,"column":null}},"type":"if","locations":[{"start":{"line":480,"column":2},"end":{"line":482,"column":null}}]},"43":{"loc":{"start":{"line":487,"column":2},"end":{"line":491,"column":null}},"type":"if","locations":[{"start":{"line":487,"column":2},"end":{"line":491,"column":null}},{"start":{"line":489,"column":9},"end":{"line":491,"column":null}}]},"44":{"loc":{"start":{"line":499,"column":21},"end":{"line":499,"column":65}},"type":"default-arg","locations":[{"start":{"line":499,"column":49},"end":{"line":499,"column":65}}]},"45":{"loc":{"start":{"line":516,"column":2},"end":{"line":516,"column":65}},"type":"if","locations":[{"start":{"line":516,"column":2},"end":{"line":516,"column":65}}]},"46":{"loc":{"start":{"line":517,"column":2},"end":{"line":517,"column":44}},"type":"if","locations":[{"start":{"line":517,"column":2},"end":{"line":517,"column":44}}]},"47":{"loc":{"start":{"line":518,"column":2},"end":{"line":518,"column":43}},"type":"if","locations":[{"start":{"line":518,"column":2},"end":{"line":518,"column":43}}]},"48":{"loc":{"start":{"line":527,"column":4},"end":{"line":529,"column":null}},"type":"if","locations":[{"start":{"line":527,"column":4},"end":{"line":529,"column":null}}]},"49":{"loc":{"start":{"line":536,"column":30},"end":{"line":536,"column":53}},"type":"default-arg","locations":[{"start":{"line":536,"column":48},"end":{"line":536,"column":53}}]},"50":{"loc":{"start":{"line":544,"column":30},"end":{"line":544,"column":53}},"type":"default-arg","locations":[{"start":{"line":544,"column":48},"end":{"line":544,"column":53}}]},"51":{"loc":{"start":{"line":561,"column":8},"end":{"line":563,"column":null}},"type":"if","locations":[{"start":{"line":561,"column":8},"end":{"line":563,"column":null}}]},"52":{"loc":{"start":{"line":570,"column":12},"end":{"line":572,"column":null}},"type":"if","locations":[{"start":{"line":570,"column":12},"end":{"line":572,"column":null}}]}},"s":{"0":4,"1":4,"2":11,"3":4,"4":7,"5":3,"6":2,"7":4,"8":4,"9":2,"10":2,"11":293,"12":293,"13":293,"14":293,"15":293,"16":10,"17":10,"18":283,"19":278,"20":5,"21":5,"22":5,"23":0,"24":293,"25":14,"26":293,"27":114,"28":14,"29":125,"30":125,"31":1,"32":1,"33":1,"34":1,"35":4,"36":8,"37":4,"38":4,"39":4,"40":4,"41":4,"42":2,"43":3,"44":0,"45":3,"46":3,"47":3,"48":3,"49":1,"50":1,"51":1,"52":0,"53":1,"54":1,"55":0,"56":1,"57":1,"58":1,"59":2,"60":3,"61":3,"62":0,"63":3,"64":1,"65":2,"66":2,"67":2,"68":2,"69":1,"70":1,"71":1,"72":1,"73":1,"74":1,"75":1,"76":1,"77":1,"78":1,"79":1,"80":1,"81":1,"82":1,"83":1,"84":1,"85":1,"86":2,"87":2,"88":7,"89":1,"90":7,"91":1,"92":7,"93":3,"94":7,"95":1,"96":7,"97":1,"98":7,"99":1,"100":7,"101":1,"102":7,"103":1,"104":1,"105":7,"106":3,"107":3,"108":4,"109":4,"110":3,"111":3,"112":3,"113":9,"114":9,"115":4,"116":5,"117":1,"118":1,"119":0,"120":0,"121":0,"122":0,"123":3,"124":3,"125":1,"126":1,"127":1,"128":1,"129":1,"130":1,"131":4,"132":4,"133":2,"134":2,"135":1,"136":1,"137":1,"138":7,"139":7,"140":7,"141":4,"142":4,"143":4,"144":4,"145":10,"146":10,"147":5,"148":5,"149":1,"150":8,"151":8,"152":8,"153":8,"154":1,"155":1,"156":1,"157":1,"158":1,"159":1,"160":1,"161":3,"162":2,"163":2,"164":1,"165":1,"166":1,"167":1,"168":4,"169":4,"170":1,"171":1,"172":1,"173":1,"174":1,"175":1,"176":1,"177":1,"178":2,"179":1,"180":1,"181":5,"182":5,"183":3,"184":2,"185":2,"186":2,"187":1,"188":1,"189":141,"190":128,"191":141,"192":1,"193":1,"194":140,"195":4,"196":288,"197":4,"198":7,"199":3,"200":7,"201":4,"202":2,"203":1,"204":1,"205":4,"206":1,"207":1,"208":4,"209":2,"210":2,"211":2,"212":4,"213":5,"214":5,"215":3,"216":5,"217":4,"218":288,"219":4,"220":140,"221":13,"222":127,"223":127,"224":0,"225":0,"226":0,"227":4,"228":7,"229":7,"230":7,"231":7,"232":6,"233":6,"234":7,"235":4,"236":4,"237":3,"238":1,"239":2,"240":4,"241":467,"242":467,"243":115,"244":3,"245":112,"246":467,"247":114,"248":114,"249":2,"250":112,"251":467},"f":{"0":11,"1":7,"2":3,"3":2,"4":4,"5":2,"6":293,"7":14,"8":125,"9":1,"10":1,"11":4,"12":8,"13":2,"14":3,"15":3,"16":1,"17":1,"18":2,"19":3,"20":1,"21":1,"22":1,"23":1,"24":1,"25":1,"26":1,"27":1,"28":1,"29":1,"30":1,"31":1,"32":1,"33":1,"34":1,"35":1,"36":2,"37":7,"38":3,"39":4,"40":3,"41":9,"42":1,"43":0,"44":3,"45":1,"46":1,"47":4,"48":1,"49":7,"50":4,"51":10,"52":1,"53":8,"54":8,"55":1,"56":1,"57":1,"58":3,"59":2,"60":1,"61":1,"62":4,"63":1,"64":1,"65":1,"66":2,"67":5,"68":2,"69":141,"70":288,"71":7,"72":2,"73":1,"74":2,"75":5,"76":288,"77":140,"78":7,"79":3,"80":1,"81":2,"82":467,"83":115,"84":114,"85":114},"b":{"0":[5],"1":[5],"2":[10,283],"3":[293,288],"4":[278,5],"5":[5,0],"6":[14],"7":[114],"8":[293,261],"9":[4,4],"10":[0],"11":[0],"12":[1,0],"13":[0],"14":[1,2],"15":[1],"16":[1],"17":[1],"18":[1],"19":[3],"20":[1],"21":[1],"22":[1],"23":[1],"24":[1],"25":[4],"26":[0,0],"27":[2],"28":[5],"29":[8],"30":[1],"31":[2],"32":[1],"33":[2,2],"34":[1,1],"35":[3],"36":[1],"37":[128],"38":[1],"39":[141,128],"40":[48],"41":[172],"42":[3],"43":[1,1],"44":[1],"45":[13],"46":[127],"47":[0],"48":[6],"49":[0],"50":[0],"51":[3],"52":[2]}}
}
