TN:
SF:src/cardboard.ts
FNF:0
FNH:0
DA:1,2
DA:2,2
DA:3,2
DA:4,2
DA:5,2
DA:6,2
LF:6
LH:6
BRF:0
BRH:0
end_of_record
TN:
SF:src/tag.ts
FN:20,attached
FN:46,(anonymous_1)
FN:50,(anonymous_2)
FN:54,(anonymous_3)
FN:58,(anonymous_4)
FN:63,(anonymous_5)
FN:68,(anonymous_6)
FN:91,(anonymous_7)
FN:98,(anonymous_8)
FN:106,(anonymous_9)
FN:115,(anonymous_10)
FN:116,(anonymous_11)
FN:124,(anonymous_12)
FN:125,(anonymous_13)
FN:138,(anonymous_14)
FN:147,(anonymous_15)
FN:185,(anonymous_16)
FN:193,(anonymous_17)
FN:194,(anonymous_18)
FN:207,(anonymous_19)
FN:208,(anonymous_20)
FN:221,(anonymous_21)
FN:224,(anonymous_22)
FN:225,(anonymous_23)
FN:230,(anonymous_24)
FN:233,(anonymous_25)
FN:234,(anonymous_26)
FN:239,(anonymous_27)
FN:242,(anonymous_28)
FN:243,(anonymous_29)
FN:248,(anonymous_30)
FN:251,(anonymous_31)
FN:252,(anonymous_32)
FN:257,(anonymous_33)
FN:262,(anonymous_34)
FN:266,(anonymous_35)
FN:271,(anonymous_36)
FN:276,(anonymous_37)
FN:285,(anonymous_38)
FN:317,(anonymous_39)
FN:323,(anonymous_40)
FN:329,(anonymous_41)
FN:337,(anonymous_42)
FN:347,(anonymous_43)
FN:353,(anonymous_44)
FN:363,(anonymous_45)
FN:369,(anonymous_46)
FN:377,(anonymous_47)
FN:385,(anonymous_48)
FN:394,(anonymous_49)
FN:401,(anonymous_50)
FN:407,(anonymous_51)
FN:415,(anonymous_52)
FN:424,(anonymous_53)
FN:429,(anonymous_54)
FN:431,(anonymous_55)
FN:439,(anonymous_56)
FN:441,(anonymous_57)
FN:452,(anonymous_58)
FN:457,(anonymous_59)
FN:459,(anonymous_60)
FN:470,(anonymous_61)
FN:475,(anonymous_62)
FN:480,(anonymous_63)
FN:486,(anonymous_64)
FN:494,(anonymous_65)
FN:501,(anonymous_66)
FN:507,(anonymous_67)
FN:516,(anonymous_68)
FN:524,(anonymous_69)
FN:532,(anonymous_70)
FN:540,(anonymous_71)
FN:549,tag
FN:553,attach
FN:560,detach
FN:568,detachAll
FN:573,init
FN:579,getElementIndex
FN:586,isSelector
FN:589,getElementForChild
FN:595,getElementChildren
FN:610,(anonymous_81)
FN:613,(anonymous_82)
FN:618,(anonymous_83)
FN:632,(anonymous_84)
FN:634,(anonymous_85)
FN:642,(anonymous_86)
FN:643,(anonymous_87)
FNF:88
FNH:85
FNDA:11,attached
FNDA:81,(anonymous_1)
FNDA:3,(anonymous_2)
FNDA:4,(anonymous_3)
FNDA:4,(anonymous_4)
FNDA:2,(anonymous_5)
FNDA:310,(anonymous_6)
FNDA:27,(anonymous_7)
FNDA:135,(anonymous_8)
FNDA:0,(anonymous_9)
FNDA:1,(anonymous_10)
FNDA:1,(anonymous_11)
FNDA:4,(anonymous_12)
FNDA:8,(anonymous_13)
FNDA:2,(anonymous_14)
FNDA:37,(anonymous_15)
FNDA:39,(anonymous_16)
FNDA:12,(anonymous_17)
FNDA:71,(anonymous_18)
FNDA:2,(anonymous_19)
FNDA:3,(anonymous_20)
FNDA:1,(anonymous_21)
FNDA:1,(anonymous_22)
FNDA:1,(anonymous_23)
FNDA:1,(anonymous_24)
FNDA:1,(anonymous_25)
FNDA:1,(anonymous_26)
FNDA:1,(anonymous_27)
FNDA:1,(anonymous_28)
FNDA:1,(anonymous_29)
FNDA:1,(anonymous_30)
FNDA:1,(anonymous_31)
FNDA:1,(anonymous_32)
FNDA:1,(anonymous_33)
FNDA:1,(anonymous_34)
FNDA:1,(anonymous_35)
FNDA:1,(anonymous_36)
FNDA:2,(anonymous_37)
FNDA:7,(anonymous_38)
FNDA:3,(anonymous_39)
FNDA:4,(anonymous_40)
FNDA:3,(anonymous_41)
FNDA:9,(anonymous_42)
FNDA:1,(anonymous_43)
FNDA:0,(anonymous_44)
FNDA:3,(anonymous_45)
FNDA:1,(anonymous_46)
FNDA:1,(anonymous_47)
FNDA:4,(anonymous_48)
FNDA:1,(anonymous_49)
FNDA:7,(anonymous_50)
FNDA:4,(anonymous_51)
FNDA:10,(anonymous_52)
FNDA:1,(anonymous_53)
FNDA:8,(anonymous_54)
FNDA:8,(anonymous_55)
FNDA:1,(anonymous_56)
FNDA:1,(anonymous_57)
FNDA:1,(anonymous_58)
FNDA:3,(anonymous_59)
FNDA:2,(anonymous_60)
FNDA:1,(anonymous_61)
FNDA:1,(anonymous_62)
FNDA:40,(anonymous_63)
FNDA:1,(anonymous_64)
FNDA:1,(anonymous_65)
FNDA:1,(anonymous_66)
FNDA:2,(anonymous_67)
FNDA:5,(anonymous_68)
FNDA:0,(anonymous_69)
FNDA:2,(anonymous_70)
FNDA:170,(anonymous_71)
FNDA:305,tag
FNDA:7,attach
FNDA:2,detach
FNDA:1,detachAll
FNDA:2,init
FNDA:2,getElementIndex
FNDA:306,isSelector
FNDA:169,getElementForChild
FNDA:81,getElementChildren
FNDA:3,(anonymous_81)
FNDA:1,(anonymous_82)
FNDA:2,(anonymous_83)
FNDA:470,(anonymous_84)
FNDA:129,(anonymous_85)
FNDA:114,(anonymous_86)
FNDA:114,(anonymous_87)
DA:1,5
DA:9,5
DA:20,5
DA:21,11
DA:29,5
DA:34,310
DA:37,310
DA:40,310
DA:41,310
DA:47,81
DA:51,3
DA:55,4
DA:59,4
DA:60,4
DA:64,2
DA:65,2
DA:69,310
DA:71,310
DA:72,14
DA:73,14
DA:74,296
DA:75,292
DA:76,4
DA:77,4
DA:78,4
DA:80,0
DA:83,310
DA:84,114
DA:87,310
DA:92,27
DA:95,27
DA:99,135
DA:102,135
DA:103,135
DA:107,0
DA:110,0
DA:111,0
DA:116,1
DA:117,1
DA:118,1
DA:125,4
DA:126,8
DA:127,4
DA:129,4
DA:130,4
DA:131,4
DA:139,2
DA:148,37
DA:150,37
DA:153,37
DA:154,8
DA:157,29
DA:158,7
DA:163,22
DA:164,22
DA:165,48
DA:166,48
DA:167,47
DA:168,30
DA:175,22
DA:177,22
DA:180,37
DA:181,37
DA:186,39
DA:187,39
DA:188,39
DA:194,12
DA:195,71
DA:196,71
DA:197,71
DA:198,36
DA:201,12
DA:202,12
DA:203,12
DA:208,2
DA:209,3
DA:210,3
DA:211,3
DA:212,2
DA:215,2
DA:216,2
DA:217,2
DA:222,1
DA:224,1
DA:225,1
DA:231,1
DA:233,1
DA:234,1
DA:240,1
DA:242,1
DA:243,1
DA:249,1
DA:251,1
DA:252,1
DA:258,1
DA:263,1
DA:271,1
DA:272,1
DA:277,2
DA:278,2
DA:286,7
DA:287,1
DA:289,7
DA:290,1
DA:292,7
DA:293,3
DA:295,7
DA:296,1
DA:298,7
DA:299,1
DA:301,7
DA:302,1
DA:304,7
DA:305,1
DA:307,7
DA:308,1
DA:309,1
DA:313,7
DA:318,3
DA:319,3
DA:324,4
DA:325,4
DA:330,3
DA:331,3
DA:333,3
DA:338,9
DA:339,9
DA:340,4
DA:343,5
DA:348,1
DA:349,1
DA:354,0
DA:355,0
DA:357,0
DA:359,0
DA:364,3
DA:365,3
DA:370,1
DA:371,1
DA:373,1
DA:378,1
DA:379,1
DA:381,1
DA:386,4
DA:387,4
DA:388,2
DA:391,2
DA:395,1
DA:396,1
DA:398,1
DA:402,7
DA:403,7
DA:404,7
DA:408,4
DA:409,4
DA:410,4
DA:412,4
DA:416,10
DA:417,10
DA:418,5
DA:421,5
DA:425,1
DA:430,8
DA:431,8
DA:432,8
DA:435,8
DA:440,1
DA:441,1
DA:442,1
DA:443,1
DA:446,1
DA:448,1
DA:453,1
DA:458,3
DA:459,2
DA:460,2
DA:461,1
DA:466,1
DA:471,1
DA:476,1
DA:481,40
DA:482,40
DA:487,1
DA:489,1
DA:490,1
DA:495,1
DA:496,1
DA:497,1
DA:502,1
DA:503,1
DA:508,2
DA:509,1
DA:511,1
DA:517,5
DA:518,5
DA:519,3
DA:525,0
DA:526,0
DA:527,0
DA:533,2
DA:534,2
DA:535,1
DA:541,170
DA:542,170
DA:543,1
DA:545,169
DA:549,5
DA:550,305
DA:553,5
DA:554,7
DA:555,3
DA:557,7
DA:560,5
DA:561,2
DA:562,1
DA:564,1
DA:568,5
DA:569,1
DA:570,1
DA:573,5
DA:574,2
DA:575,2
DA:576,2
DA:579,5
DA:580,2
DA:581,2
DA:582,2
DA:584,2
DA:586,5
DA:587,306
DA:589,5
DA:590,169
DA:591,141
DA:592,0
DA:593,0
DA:595,5
DA:596,81
DA:597,81
DA:598,81
DA:600,81
DA:601,202
DA:602,198
DA:606,81
DA:609,5
DA:611,3
DA:614,1
DA:619,2
DA:629,5
DA:633,470
DA:634,470
DA:635,129
DA:636,3
DA:638,126
DA:641,470
DA:643,114
DA:644,114
DA:645,2
DA:647,112
DA:652,470
LF:259
LH:246
BRDA:68,0,0,5
BRDA:68,1,0,5
BRDA:71,2,0,14
BRDA:71,2,1,296
BRDA:71,3,0,310
BRDA:71,3,1,306
BRDA:74,4,0,292
BRDA:74,4,1,4
BRDA:76,5,0,4
BRDA:76,5,1,0
BRDA:83,6,0,114
BRDA:83,7,0,310
BRDA:83,7,1,260
BRDA:87,8,0,27
BRDA:126,9,0,4
BRDA:126,9,1,4
BRDA:148,10,0,37
BRDA:153,11,0,8
BRDA:153,11,1,29
BRDA:157,12,0,7
BRDA:157,12,1,22
BRDA:166,13,0,47
BRDA:167,14,0,30
BRDA:186,15,0,39
BRDA:196,16,0,0
BRDA:197,17,0,35
BRDA:197,17,1,36
BRDA:210,18,0,0
BRDA:211,19,0,1
BRDA:211,19,1,2
BRDA:239,20,0,1
BRDA:248,21,0,1
BRDA:286,22,0,1
BRDA:289,23,0,1
BRDA:292,24,0,3
BRDA:295,25,0,1
BRDA:298,26,0,1
BRDA:301,27,0,1
BRDA:304,28,0,1
BRDA:307,29,0,1
BRDA:339,30,0,4
BRDA:354,31,0,0
BRDA:354,31,1,0
BRDA:387,32,0,2
BRDA:417,33,0,5
BRDA:430,34,0,8
BRDA:440,35,0,1
BRDA:458,36,0,2
BRDA:460,37,0,1
BRDA:460,38,0,2
BRDA:460,38,1,2
BRDA:508,39,0,1
BRDA:508,39,1,1
BRDA:518,40,0,3
BRDA:526,41,0,0
BRDA:534,42,0,1
BRDA:534,43,0,2
BRDA:534,43,1,2
BRDA:541,44,0,142
BRDA:542,45,0,1
BRDA:542,46,0,170
BRDA:542,46,1,142
BRDA:549,47,0,51
BRDA:549,48,0,189
BRDA:554,49,0,3
BRDA:561,50,0,1
BRDA:561,50,1,1
BRDA:573,51,0,1
BRDA:590,52,0,28
BRDA:591,53,0,141
BRDA:592,54,0,0
BRDA:601,55,0,198
BRDA:610,56,0,0
BRDA:618,57,0,0
BRDA:635,58,0,3
BRDA:644,59,0,2
BRF:76
BRH:67
end_of_record
