TN:
SF:src/cardboard.ts
FNF:0
FNH:0
DA:1,1
DA:2,1
DA:3,1
DA:4,1
DA:5,1
DA:6,1
LF:6
LH:6
BRF:0
BRH:0
end_of_record
TN:
SF:src/css-generator.ts
FN:5,(anonymous_0)
FN:17,(anonymous_1)
FN:22,(anonymous_2)
FN:40,(anonymous_3)
FNF:4
FNH:4
FNDA:5,(anonymous_0)
FNDA:3,(anonymous_1)
FNDA:4,(anonymous_2)
FNDA:5,(anonymous_3)
DA:2,5
DA:4,5
DA:6,5
DA:7,5
DA:9,5
DA:10,3
DA:11,3
DA:14,5
DA:18,3
DA:19,3
DA:23,4
DA:24,4
DA:26,4
DA:27,6
DA:28,1
DA:30,5
DA:31,5
DA:35,4
DA:37,4
DA:41,5
LF:20
LH:20
BRDA:6,0,0,2
BRDA:6,0,1,3
BRDA:27,1,0,1
BRDA:27,1,1,5
BRDA:30,2,0,5
BRF:5
BRH:5
end_of_record
TN:
SF:src/state.ts
FN:11,state
FN:17,(anonymous_1)
FN:24,(anonymous_2)
FN:36,(anonymous_3)
FN:41,(anonymous_4)
FN:43,(anonymous_5)
FN:52,(anonymous_6)
FN:55,(anonymous_7)
FN:60,(anonymous_8)
FN:65,(anonymous_9)
FN:68,(anonymous_10)
FN:81,(anonymous_11)
FNF:12
FNH:12
FNDA:20,state
FNDA:12,(anonymous_1)
FNDA:22,(anonymous_2)
FNDA:52,(anonymous_3)
FNDA:1,(anonymous_4)
FNDA:11,(anonymous_5)
FNDA:1,(anonymous_6)
FNDA:4,(anonymous_7)
FNDA:1,(anonymous_8)
FNDA:52,(anonymous_9)
FNDA:39,(anonymous_10)
FNDA:1,(anonymous_11)
DA:1,3
DA:11,3
DA:12,20
DA:13,20
DA:15,20
DA:17,20
DA:18,12
DA:19,12
DA:20,12
DA:24,20
DA:25,22
DA:26,12
DA:27,12
DA:31,22
DA:32,6
DA:36,20
DA:37,52
DA:39,52
DA:40,52
DA:41,15
DA:42,37
DA:43,36
DA:47,52
DA:50,20
DA:51,22
DA:52,2
DA:54,20
DA:55,4
DA:59,20
DA:61,1
DA:62,1
DA:63,1
DA:66,52
DA:69,39
DA:70,23
DA:71,23
DA:74,16
DA:75,16
DA:76,16
DA:81,20
DA:82,1
DA:87,20
LF:42
LH:42
BRDA:15,0,0,4
BRDA:18,1,0,12
BRDA:19,2,0,12
BRDA:25,3,0,12
BRDA:40,4,0,15
BRDA:40,4,1,37
BRDA:42,5,0,36
BRDA:51,6,0,2
BRDA:51,6,1,20
BRDA:54,7,0,2
BRDA:69,8,0,23
BRF:11
BRH:11
end_of_record
TN:
SF:src/tag.ts
FN:20,attached
FN:40,(anonymous_1)
FN:44,(anonymous_2)
FN:48,(anonymous_3)
FN:52,(anonymous_4)
FN:57,(anonymous_5)
FN:62,(anonymous_6)
FN:85,(anonymous_7)
FN:91,(anonymous_8)
FN:99,(anonymous_9)
FN:100,(anonymous_10)
FN:105,(anonymous_11)
FN:106,(anonymous_12)
FN:115,(anonymous_13)
FN:119,(anonymous_14)
FN:125,(anonymous_15)
FN:131,(anonymous_16)
FN:132,(anonymous_17)
FN:145,(anonymous_18)
FN:146,(anonymous_19)
FN:159,(anonymous_20)
FN:162,(anonymous_21)
FN:163,(anonymous_22)
FN:168,(anonymous_23)
FN:171,(anonymous_24)
FN:172,(anonymous_25)
FN:177,(anonymous_26)
FN:180,(anonymous_27)
FN:181,(anonymous_28)
FN:186,(anonymous_29)
FN:189,(anonymous_30)
FN:190,(anonymous_31)
FN:195,(anonymous_32)
FN:200,(anonymous_33)
FN:204,(anonymous_34)
FN:209,(anonymous_35)
FN:213,(anonymous_36)
FN:218,(anonymous_37)
FN:249,(anonymous_38)
FN:254,(anonymous_39)
FN:259,(anonymous_40)
FN:266,(anonymous_41)
FN:275,(anonymous_42)
FN:280,(anonymous_43)
FN:285,(anonymous_44)
FN:292,(anonymous_45)
FN:299,(anonymous_46)
FN:308,(anonymous_47)
FN:315,(anonymous_48)
FN:321,(anonymous_49)
FN:329,(anonymous_50)
FN:338,(anonymous_51)
FN:342,(anonymous_52)
FN:344,(anonymous_53)
FN:351,(anonymous_54)
FN:353,(anonymous_55)
FN:363,(anonymous_56)
FN:367,(anonymous_57)
FN:369,(anonymous_58)
FN:379,(anonymous_59)
FN:383,(anonymous_60)
FN:387,(anonymous_61)
FN:392,(anonymous_62)
FN:399,(anonymous_63)
FN:405,(anonymous_64)
FN:410,(anonymous_65)
FN:418,(anonymous_66)
FN:425,(anonymous_67)
FN:434,(anonymous_68)
FN:444,tag
FN:448,attach
FN:455,detach
FN:463,detachAll
FN:468,init
FN:474,getElementIndex
FN:481,isSelector
FN:484,getElementForChild
FN:490,getElementChildren
FN:505,(anonymous_78)
FN:508,(anonymous_79)
FN:513,(anonymous_80)
FN:527,(anonymous_81)
FN:529,(anonymous_82)
FN:537,(anonymous_83)
FN:538,(anonymous_84)
FNF:85
FNH:85
FNDA:11,attached
FNDA:7,(anonymous_1)
FNDA:3,(anonymous_2)
FNDA:2,(anonymous_3)
FNDA:4,(anonymous_4)
FNDA:2,(anonymous_5)
FNDA:293,(anonymous_6)
FNDA:14,(anonymous_7)
FNDA:125,(anonymous_8)
FNDA:1,(anonymous_9)
FNDA:1,(anonymous_10)
FNDA:4,(anonymous_11)
FNDA:8,(anonymous_12)
FNDA:2,(anonymous_13)
FNDA:3,(anonymous_14)
FNDA:3,(anonymous_15)
FNDA:1,(anonymous_16)
FNDA:1,(anonymous_17)
FNDA:2,(anonymous_18)
FNDA:3,(anonymous_19)
FNDA:1,(anonymous_20)
FNDA:1,(anonymous_21)
FNDA:1,(anonymous_22)
FNDA:1,(anonymous_23)
FNDA:1,(anonymous_24)
FNDA:1,(anonymous_25)
FNDA:1,(anonymous_26)
FNDA:1,(anonymous_27)
FNDA:1,(anonymous_28)
FNDA:1,(anonymous_29)
FNDA:1,(anonymous_30)
FNDA:1,(anonymous_31)
FNDA:1,(anonymous_32)
FNDA:1,(anonymous_33)
FNDA:1,(anonymous_34)
FNDA:1,(anonymous_35)
FNDA:2,(anonymous_36)
FNDA:7,(anonymous_37)
FNDA:3,(anonymous_38)
FNDA:4,(anonymous_39)
FNDA:3,(anonymous_40)
FNDA:9,(anonymous_41)
FNDA:1,(anonymous_42)
FNDA:3,(anonymous_43)
FNDA:1,(anonymous_44)
FNDA:1,(anonymous_45)
FNDA:4,(anonymous_46)
FNDA:1,(anonymous_47)
FNDA:7,(anonymous_48)
FNDA:4,(anonymous_49)
FNDA:10,(anonymous_50)
FNDA:1,(anonymous_51)
FNDA:8,(anonymous_52)
FNDA:8,(anonymous_53)
FNDA:1,(anonymous_54)
FNDA:1,(anonymous_55)
FNDA:1,(anonymous_56)
FNDA:3,(anonymous_57)
FNDA:2,(anonymous_58)
FNDA:1,(anonymous_59)
FNDA:1,(anonymous_60)
FNDA:4,(anonymous_61)
FNDA:1,(anonymous_62)
FNDA:1,(anonymous_63)
FNDA:1,(anonymous_64)
FNDA:2,(anonymous_65)
FNDA:5,(anonymous_66)
FNDA:2,(anonymous_67)
FNDA:141,(anonymous_68)
FNDA:288,tag
FNDA:7,attach
FNDA:2,detach
FNDA:1,detachAll
FNDA:2,init
FNDA:5,getElementIndex
FNDA:288,isSelector
FNDA:140,getElementForChild
FNDA:7,getElementChildren
FNDA:3,(anonymous_78)
FNDA:1,(anonymous_79)
FNDA:2,(anonymous_80)
FNDA:467,(anonymous_81)
FNDA:115,(anonymous_82)
FNDA:114,(anonymous_83)
FNDA:114,(anonymous_84)
DA:1,4
DA:13,4
DA:20,4
DA:21,11
DA:29,4
DA:31,293
DA:34,293
DA:35,293
DA:41,7
DA:45,3
DA:49,2
DA:53,4
DA:54,4
DA:58,2
DA:59,2
DA:63,293
DA:65,293
DA:66,10
DA:67,10
DA:68,283
DA:69,278
DA:70,5
DA:71,5
DA:72,5
DA:74,0
DA:77,293
DA:79,293
DA:80,114
DA:86,14
DA:92,125
DA:95,125
DA:100,1
DA:101,1
DA:102,1
DA:106,4
DA:107,8
DA:108,4
DA:110,4
DA:111,4
DA:112,4
DA:116,2
DA:120,3
DA:121,3
DA:122,3
DA:126,3
DA:127,3
DA:132,1
DA:133,1
DA:134,1
DA:135,1
DA:136,0
DA:139,1
DA:140,1
DA:141,1
DA:146,2
DA:147,3
DA:148,3
DA:149,3
DA:150,2
DA:153,2
DA:154,2
DA:155,2
DA:160,1
DA:162,1
DA:163,1
DA:169,1
DA:171,1
DA:172,1
DA:178,1
DA:180,1
DA:181,1
DA:187,1
DA:189,1
DA:190,1
DA:196,1
DA:201,1
DA:209,1
DA:210,1
DA:214,2
DA:215,2
DA:219,7
DA:220,1
DA:222,7
DA:223,1
DA:225,7
DA:226,3
DA:228,7
DA:229,1
DA:231,7
DA:232,1
DA:234,7
DA:235,1
DA:237,7
DA:238,1
DA:240,7
DA:241,1
DA:242,1
DA:246,7
DA:250,3
DA:251,3
DA:255,4
DA:256,4
DA:260,3
DA:261,3
DA:263,3
DA:267,9
DA:268,9
DA:269,4
DA:272,5
DA:276,1
DA:277,1
DA:281,3
DA:282,3
DA:286,1
DA:287,1
DA:289,1
DA:293,1
DA:294,1
DA:296,1
DA:300,4
DA:301,4
DA:302,2
DA:305,2
DA:309,1
DA:310,1
DA:312,1
DA:316,7
DA:317,7
DA:318,7
DA:322,4
DA:323,4
DA:324,4
DA:326,4
DA:330,10
DA:331,10
DA:332,5
DA:335,5
DA:339,1
DA:343,8
DA:344,8
DA:345,8
DA:348,8
DA:352,1
DA:353,1
DA:354,1
DA:355,1
DA:358,1
DA:360,1
DA:364,1
DA:368,3
DA:369,2
DA:370,2
DA:371,1
DA:376,1
DA:380,1
DA:384,1
DA:388,4
DA:389,4
DA:393,1
DA:395,1
DA:396,1
DA:400,1
DA:401,1
DA:402,1
DA:406,1
DA:407,1
DA:411,2
DA:412,1
DA:414,1
DA:419,5
DA:420,5
DA:421,3
DA:426,2
DA:427,2
DA:428,2
DA:431,1
DA:435,141
DA:436,141
DA:437,1
DA:438,1
DA:440,140
DA:444,4
DA:445,288
DA:448,4
DA:449,7
DA:450,3
DA:452,7
DA:455,4
DA:456,2
DA:457,1
DA:459,1
DA:463,4
DA:464,1
DA:465,1
DA:468,4
DA:469,2
DA:470,2
DA:471,2
DA:474,4
DA:475,5
DA:476,5
DA:477,3
DA:479,5
DA:481,4
DA:482,288
DA:484,4
DA:485,140
DA:486,127
DA:487,0
DA:488,0
DA:490,4
DA:491,7
DA:492,7
DA:493,7
DA:495,7
DA:496,6
DA:497,6
DA:501,7
DA:504,4
DA:506,3
DA:509,1
DA:514,2
DA:524,4
DA:528,467
DA:529,467
DA:530,115
DA:531,3
DA:533,112
DA:536,467
DA:538,114
DA:539,114
DA:540,2
DA:542,112
DA:547,467
LF:234
LH:230
BRDA:62,0,0,5
BRDA:62,1,0,5
BRDA:65,2,0,10
BRDA:65,2,1,283
BRDA:65,3,0,293
BRDA:65,3,1,288
BRDA:68,4,0,278
BRDA:68,4,1,5
BRDA:70,5,0,5
BRDA:70,5,1,0
BRDA:77,6,0,14
BRDA:79,7,0,114
BRDA:79,8,0,293
BRDA:79,8,1,261
BRDA:107,9,0,4
BRDA:107,9,1,4
BRDA:120,10,0,0
BRDA:134,11,0,0
BRDA:135,12,0,1
BRDA:135,12,1,0
BRDA:148,13,0,0
BRDA:149,14,0,1
BRDA:149,14,1,2
BRDA:177,15,0,1
BRDA:186,16,0,1
BRDA:219,17,0,1
BRDA:222,18,0,1
BRDA:225,19,0,3
BRDA:228,20,0,1
BRDA:231,21,0,1
BRDA:234,22,0,1
BRDA:237,23,0,1
BRDA:240,24,0,1
BRDA:268,25,0,4
BRDA:301,26,0,2
BRDA:331,27,0,5
BRDA:343,28,0,8
BRDA:352,29,0,1
BRDA:368,30,0,2
BRDA:370,31,0,1
BRDA:370,32,0,2
BRDA:370,32,1,2
BRDA:411,33,0,1
BRDA:411,33,1,1
BRDA:420,34,0,3
BRDA:428,35,0,1
BRDA:435,36,0,128
BRDA:436,37,0,1
BRDA:436,38,0,141
BRDA:436,38,1,128
BRDA:444,39,0,48
BRDA:444,40,0,172
BRDA:449,41,0,3
BRDA:456,42,0,1
BRDA:456,42,1,1
BRDA:468,43,0,1
BRDA:485,44,0,13
BRDA:486,45,0,127
BRDA:487,46,0,0
BRDA:496,47,0,6
BRDA:505,48,0,0
BRDA:513,49,0,0
BRDA:530,50,0,3
BRDA:539,51,0,2
BRF:64
BRH:56
end_of_record
TN:
SF:src/util.ts
FN:5,justFnBody
FN:13,(anonymous_1)
FN:14,(anonymous_2)
FN:15,(anonymous_3)
FN:15,(anonymous_4)
FN:16,(anonymous_5)
FN:16,(anonymous_6)
FN:17,isObject
FN:20,(anonymous_8)
FNF:9
FNH:3
FNDA:0,justFnBody
FNDA:0,(anonymous_1)
FNDA:0,(anonymous_2)
FNDA:5,(anonymous_3)
FNDA:2,(anonymous_4)
FNDA:0,(anonymous_5)
FNDA:0,(anonymous_6)
FNDA:80,isObject
FNDA:0,(anonymous_8)
DA:5,6
DA:6,0
DA:7,0
DA:8,0
DA:9,0
DA:10,0
DA:13,6
DA:14,6
DA:15,6
DA:16,6
DA:17,6
DA:18,80
DA:20,6
LF:13
LH:8
BRDA:18,0,0,80
BRDA:18,0,1,26
BRF:2
BRH:2
end_of_record
